{"/Users/naqeeb/dev/personal/NomadCrew/nomad-crew-frontend/.eslintrc.js": {"path":"/Users/naqeeb/dev/personal/NomadCrew/nomad-crew-frontend/.eslintrc.js","statementMap":{"0":{"start":{"line":2,"column":0},"end":{"line":44,"column":2}}},"fnMap":{},"branchMap":{},"s":{"0":0},"f":{},"b":{}}
,"/Users/naqeeb/dev/personal/NomadCrew/nomad-crew-frontend/App.tsx": {"path":"/Users/naqeeb/dev/personal/NomadCrew/nomad-crew-frontend/App.tsx","statementMap":{"0":{"start":{"line":7,"column":2},"end":{"line":17,"column":9}},"1":{"start":{"line":9,"column":4},"end":{"line":11,"column":5}},"2":{"start":{"line":10,"column":6},"end":{"line":10,"column":60}},"3":{"start":{"line":14,"column":4},"end":{"line":16,"column":7}}},"fnMap":{"0":{"name":"App","decl":{"start":{"line":6,"column":24},"end":{"line":6,"column":27}},"loc":{"start":{"line":6,"column":30},"end":{"line":21,"column":1}},"line":6},"1":{"name":"(anonymous_1)","decl":{"start":{"line":7,"column":12},"end":{"line":7,"column":13}},"loc":{"start":{"line":7,"column":18},"end":{"line":17,"column":3}},"line":7}},"branchMap":{"0":{"loc":{"start":{"line":9,"column":4},"end":{"line":11,"column":5}},"type":"if","locations":[{"start":{"line":9,"column":4},"end":{"line":11,"column":5}},{"start":{},"end":{}}],"line":9},"1":{"loc":{"start":{"line":9,"column":8},"end":{"line":9,"column":84}},"type":"binary-expr","locations":[{"start":{"line":9,"column":8},"end":{"line":9,"column":33}},{"start":{"line":9,"column":37},"end":{"line":9,"column":84}}],"line":9}},"s":{"0":0,"1":0,"2":0,"3":0},"f":{"0":0,"1":0},"b":{"0":[0,0],"1":[0,0]}}
,"/Users/naqeeb/dev/personal/NomadCrew/nomad-crew-frontend/app.config.js": {"path":"/Users/naqeeb/dev/personal/NomadCrew/nomad-crew-frontend/app.config.js","statementMap":{"0":{"start":{"line":1,"column":21},"end":{"line":1,"column":63}},"1":{"start":{"line":3,"column":23},"end":{"line":10,"column":1}},"2":{"start":{"line":4,"column":2},"end":{"line":9,"column":3}},"3":{"start":{"line":6,"column":6},"end":{"line":6,"column":26}},"4":{"start":{"line":8,"column":6},"end":{"line":8,"column":27}},"5":{"start":{"line":12,"column":12},"end":{"line":12,"column":28}},"6":{"start":{"line":13,"column":15},"end":{"line":13,"column":36}},"7":{"start":{"line":16,"column":20},"end":{"line":16,"column":71}},"8":{"start":{"line":16,"column":38},"end":{"line":16,"column":71}},"9":{"start":{"line":17,"column":22},"end":{"line":17,"column":79}}},"fnMap":{"0":{"name":"(anonymous_0)","decl":{"start":{"line":3,"column":23},"end":{"line":3,"column":24}},"loc":{"start":{"line":3,"column":29},"end":{"line":10,"column":1}},"line":3},"1":{"name":"(anonymous_1)","decl":{"start":{"line":16,"column":20},"end":{"line":16,"column":21}},"loc":{"start":{"line":16,"column":38},"end":{"line":16,"column":71}},"line":16}},"branchMap":{"0":{"loc":{"start":{"line":4,"column":2},"end":{"line":9,"column":3}},"type":"switch","locations":[{"start":{"line":5,"column":4},"end":{"line":6,"column":26}},{"start":{"line":7,"column":4},"end":{"line":8,"column":27}}],"line":4},"1":{"loc":{"start":{"line":16,"column":38},"end":{"line":16,"column":71}},"type":"binary-expr","locations":[{"start":{"line":16,"column":38},"end":{"line":16,"column":65}},{"start":{"line":16,"column":69},"end":{"line":16,"column":71}}],"line":16},"2":{"loc":{"start":{"line":21,"column":10},"end":{"line":21,"column":50}},"type":"cond-expr","locations":[{"start":{"line":21,"column":19},"end":{"line":21,"column":36}},{"start":{"line":21,"column":39},"end":{"line":21,"column":50}}],"line":21},"3":{"loc":{"start":{"line":37,"column":24},"end":{"line":39,"column":29}},"type":"cond-expr","locations":[{"start":{"line":38,"column":10},"end":{"line":38,"column":33}},{"start":{"line":39,"column":10},"end":{"line":39,"column":29}}],"line":37},"4":{"loc":{"start":{"line":72,"column":15},"end":{"line":74,"column":29}},"type":"cond-expr","locations":[{"start":{"line":73,"column":10},"end":{"line":73,"column":33}},{"start":{"line":74,"column":10},"end":{"line":74,"column":29}}],"line":72},"5":{"loc":{"start":{"line":162,"column":19},"end":{"line":164,"column":38}},"type":"cond-expr","locations":[{"start":{"line":163,"column":12},"end":{"line":163,"column":42}},{"start":{"line":164,"column":12},"end":{"line":164,"column":38}}],"line":162}},"s":{"0":0,"1":0,"2":0,"3":0,"4":0,"5":0,"6":0,"7":0,"8":0,"9":0},"f":{"0":0,"1":0},"b":{"0":[0,0],"1":[0,0],"2":[0,0],"3":[0,0],"4":[0,0],"5":[0,0]}}
,"/Users/naqeeb/dev/personal/NomadCrew/nomad-crew-frontend/metro.config.js": {"path":"/Users/naqeeb/dev/personal/NomadCrew/nomad-crew-frontend/metro.config.js","statementMap":{"0":{"start":{"line":1,"column":29},"end":{"line":1,"column":58}},"1":{"start":{"line":2,"column":13},"end":{"line":2,"column":28}},"2":{"start":{"line":4,"column":15},"end":{"line":4,"column":42}},"3":{"start":{"line":7,"column":34},"end":{"line":7,"column":40}},"4":{"start":{"line":10,"column":0},"end":{"line":13,"column":2}},"5":{"start":{"line":16,"column":0},"end":{"line":23,"column":2}},"6":{"start":{"line":18,"column":48},"end":{"line":18,"column":61}},"7":{"start":{"line":26,"column":0},"end":{"line":30,"column":2}},"8":{"start":{"line":32,"column":0},"end":{"line":32,"column":24}}},"fnMap":{"0":{"name":"(anonymous_0)","decl":{"start":{"line":18,"column":39},"end":{"line":18,"column":40}},"loc":{"start":{"line":18,"column":48},"end":{"line":18,"column":61}},"line":18}},"branchMap":{},"s":{"0":0,"1":0,"2":0,"3":0,"4":0,"5":0,"6":0,"7":0,"8":0},"f":{"0":0},"b":{}}
,"/Users/naqeeb/dev/personal/NomadCrew/nomad-crew-frontend/app/+not-found.tsx": {"path":"/Users/naqeeb/dev/personal/NomadCrew/nomad-crew-frontend/app/+not-found.tsx","statementMap":{"0":{"start":{"line":8,"column":2},"end":{"line":18,"column":4}},"1":{"start":{"line":21,"column":15},"end":{"line":32,"column":2}}},"fnMap":{"0":{"name":"NotFoundScreen","decl":{"start":{"line":7,"column":24},"end":{"line":7,"column":38}},"loc":{"start":{"line":7,"column":41},"end":{"line":19,"column":1}},"line":7}},"branchMap":{},"s":{"0":0,"1":0},"f":{"0":0},"b":{}}
,"/Users/naqeeb/dev/personal/NomadCrew/nomad-crew-frontend/app/AppInitializer.tsx": {"path":"/Users/naqeeb/dev/personal/NomadCrew/nomad-crew-frontend/app/AppInitializer.tsx","statementMap":{"0":{"start":{"line":4,"column":35},"end":{"line":4,"column":58}},"1":{"start":{"line":6,"column":2},"end":{"line":20,"column":32}},"2":{"start":{"line":7,"column":20},"end":{"line":15,"column":5}},"3":{"start":{"line":8,"column":6},"end":{"line":14,"column":7}},"4":{"start":{"line":9,"column":8},"end":{"line":9,"column":27}},"5":{"start":{"line":10,"column":8},"end":{"line":10,"column":43}},"6":{"start":{"line":11,"column":8},"end":{"line":11,"column":39}},"7":{"start":{"line":17,"column":4},"end":{"line":19,"column":5}},"8":{"start":{"line":18,"column":6},"end":{"line":18,"column":16}},"9":{"start":{"line":24,"column":2},"end":{"line":33,"column":3}},"10":{"start":{"line":32,"column":4},"end":{"line":32,"column":16}},"11":{"start":{"line":36,"column":2},"end":{"line":39,"column":3}},"12":{"start":{"line":38,"column":5},"end":{"line":38,"column":17}},"13":{"start":{"line":42,"column":2},"end":{"line":42,"column":18}}},"fnMap":{"0":{"name":"AppInitializer","decl":{"start":{"line":2,"column":24},"end":{"line":2,"column":38}},"loc":{"start":{"line":2,"column":84},"end":{"line":43,"column":1}},"line":2},"1":{"name":"(anonymous_1)","decl":{"start":{"line":6,"column":12},"end":{"line":6,"column":13}},"loc":{"start":{"line":6,"column":18},"end":{"line":20,"column":3}},"line":6},"2":{"name":"(anonymous_2)","decl":{"start":{"line":7,"column":20},"end":{"line":7,"column":21}},"loc":{"start":{"line":7,"column":32},"end":{"line":15,"column":5}},"line":7}},"branchMap":{"0":{"loc":{"start":{"line":8,"column":6},"end":{"line":14,"column":7}},"type":"if","locations":[{"start":{"line":8,"column":6},"end":{"line":14,"column":7}},{"start":{},"end":{}}],"line":8},"1":{"loc":{"start":{"line":17,"column":4},"end":{"line":19,"column":5}},"type":"if","locations":[{"start":{"line":17,"column":4},"end":{"line":19,"column":5}},{"start":{},"end":{}}],"line":17},"2":{"loc":{"start":{"line":24,"column":2},"end":{"line":33,"column":3}},"type":"if","locations":[{"start":{"line":24,"column":2},"end":{"line":33,"column":3}},{"start":{},"end":{}}],"line":24},"3":{"loc":{"start":{"line":24,"column":6},"end":{"line":24,"column":32}},"type":"binary-expr","locations":[{"start":{"line":24,"column":6},"end":{"line":24,"column":18}},{"start":{"line":24,"column":22},"end":{"line":24,"column":32}}],"line":24},"4":{"loc":{"start":{"line":36,"column":2},"end":{"line":39,"column":3}},"type":"if","locations":[{"start":{"line":36,"column":2},"end":{"line":39,"column":3}},{"start":{},"end":{}}],"line":36}},"s":{"0":0,"1":0,"2":0,"3":0,"4":0,"5":0,"6":0,"7":0,"8":0,"9":0,"10":0,"11":0,"12":0,"13":0},"f":{"0":0,"1":0,"2":0},"b":{"0":[0,0],"1":[0,0],"2":[0,0],"3":[0,0],"4":[0,0]}}
,"/Users/naqeeb/dev/personal/NomadCrew/nomad-crew-frontend/app/_layout.tsx": {"path":"/Users/naqeeb/dev/personal/NomadCrew/nomad-crew-frontend/app/_layout.tsx","statementMap":{"0":{"start":{"line":8,"column":6},"end":{"line":28,"column":7}},"1":{"start":{"line":10,"column":8},"end":{"line":10,"column":33}},"2":{"start":{"line":11,"column":51},"end":{"line":11,"column":61}},"3":{"start":{"line":13,"column":8},"end":{"line":19,"column":10}},"4":{"start":{"line":21,"column":8},"end":{"line":21,"column":33}},"5":{"start":{"line":22,"column":8},"end":{"line":27,"column":10}}},"fnMap":{"0":{"name":"TestScreen","decl":{"start":{"line":7,"column":28},"end":{"line":7,"column":38}},"loc":{"start":{"line":7,"column":41},"end":{"line":29,"column":5}},"line":7}},"branchMap":{},"s":{"0":0,"1":0,"2":0,"3":0,"4":0,"5":0},"f":{"0":0},"b":{}}
,"/Users/naqeeb/dev/personal/NomadCrew/nomad-crew-frontend/app/index.tsx": {"path":"/Users/naqeeb/dev/personal/NomadCrew/nomad-crew-frontend/app/index.tsx","statementMap":{"0":{"start":{"line":9,"column":4},"end":{"line":9,"column":40}},"1":{"start":{"line":12,"column":6},"end":{"line":32,"column":7}},"2":{"start":{"line":13,"column":51},"end":{"line":13,"column":61}},"3":{"start":{"line":15,"column":8},"end":{"line":15,"column":33}},"4":{"start":{"line":16,"column":8},"end":{"line":22,"column":10}},"5":{"start":{"line":25,"column":8},"end":{"line":25,"column":33}},"6":{"start":{"line":26,"column":8},"end":{"line":31,"column":10}},"7":{"start":{"line":36,"column":6},"end":{"line":46,"column":8}}},"fnMap":{"0":{"name":"TestScreen","decl":{"start":{"line":11,"column":13},"end":{"line":11,"column":23}},"loc":{"start":{"line":11,"column":26},"end":{"line":33,"column":5}},"line":11},"1":{"name":"MinimalRootLayout","decl":{"start":{"line":35,"column":28},"end":{"line":35,"column":45}},"loc":{"start":{"line":35,"column":48},"end":{"line":47,"column":5}},"line":35}},"branchMap":{},"s":{"0":0,"1":0,"2":0,"3":0,"4":0,"5":0,"6":0,"7":0},"f":{"0":0,"1":0},"b":{}}
,"/Users/naqeeb/dev/personal/NomadCrew/nomad-crew-frontend/app/notifications.tsx": {"path":"/Users/naqeeb/dev/personal/NomadCrew/nomad-crew-frontend/app/notifications.tsx","statementMap":{"0":{"start":{"line":11,"column":16},"end":{"line":11,"column":26}},"1":{"start":{"line":12,"column":17},"end":{"line":12,"column":36}},"2":{"start":{"line":14,"column":2},"end":{"line":32,"column":4}},"3":{"start":{"line":35,"column":15},"end":{"line":48,"column":2}}},"fnMap":{"0":{"name":"NotificationsScreen","decl":{"start":{"line":10,"column":24},"end":{"line":10,"column":43}},"loc":{"start":{"line":10,"column":46},"end":{"line":33,"column":1}},"line":10}},"branchMap":{"0":{"loc":{"start":{"line":16,"column":24},"end":{"line":16,"column":53}},"type":"cond-expr","locations":[{"start":{"line":16,"column":37},"end":{"line":16,"column":44}},{"start":{"line":16,"column":47},"end":{"line":16,"column":53}}],"line":16}},"s":{"0":0,"1":0,"2":0,"3":0},"f":{"0":0},"b":{"0":[0,0]}}
,"/Users/naqeeb/dev/personal/NomadCrew/nomad-crew-frontend/app/(auth)/_layout.tsx": {"path":"/Users/naqeeb/dev/personal/NomadCrew/nomad-crew-frontend/app/(auth)/_layout.tsx","statementMap":{"0":{"start":{"line":4,"column":2},"end":{"line":17,"column":4}}},"fnMap":{"0":{"name":"AuthLayout","decl":{"start":{"line":3,"column":24},"end":{"line":3,"column":34}},"loc":{"start":{"line":3,"column":37},"end":{"line":18,"column":1}},"line":3}},"branchMap":{},"s":{"0":0},"f":{"0":0},"b":{}}
,"/Users/naqeeb/dev/personal/NomadCrew/nomad-crew-frontend/app/(auth)/email.tsx": {"path":"/Users/naqeeb/dev/personal/NomadCrew/nomad-crew-frontend/app/(auth)/email.tsx","statementMap":{"0":{"start":{"line":17,"column":32},"end":{"line":26,"column":1}},"1":{"start":{"line":18,"column":43},"end":{"line":24,"column":3}},"2":{"start":{"line":25,"column":2},"end":{"line":25,"column":69}},"3":{"start":{"line":29,"column":28},"end":{"line":29,"column":40}},"4":{"start":{"line":30,"column":34},"end":{"line":30,"column":46}},"5":{"start":{"line":31,"column":42},"end":{"line":31,"column":85}},"6":{"start":{"line":32,"column":36},"end":{"line":32,"column":50}},"7":{"start":{"line":33,"column":20},"end":{"line":33,"column":30}},"8":{"start":{"line":35,"column":22},"end":{"line":35,"column":43}},"9":{"start":{"line":36,"column":23},"end":{"line":36,"column":54}},"10":{"start":{"line":38,"column":22},"end":{"line":47,"column":3}},"11":{"start":{"line":39,"column":4},"end":{"line":41,"column":5}},"12":{"start":{"line":40,"column":6},"end":{"line":40,"column":13}},"13":{"start":{"line":42,"column":4},"end":{"line":46,"column":5}},"14":{"start":{"line":43,"column":6},"end":{"line":43,"column":39}},"15":{"start":{"line":49,"column":2},"end":{"line":138,"column":4}},"16":{"start":{"line":57,"column":25},"end":{"line":57,"column":38}},"17":{"start":{"line":92,"column":29},"end":{"line":92,"column":53}},"18":{"start":{"line":93,"column":28},"end":{"line":93,"column":49}},"19":{"start":{"line":110,"column":29},"end":{"line":110,"column":56}},"20":{"start":{"line":111,"column":28},"end":{"line":111,"column":49}},"21":{"start":{"line":141,"column":15},"end":{"line":192,"column":2}}},"fnMap":{"0":{"name":"(anonymous_0)","decl":{"start":{"line":17,"column":32},"end":{"line":17,"column":33}},"loc":{"start":{"line":17,"column":51},"end":{"line":26,"column":1}},"line":17},"1":{"name":"EmailLoginScreen","decl":{"start":{"line":28,"column":24},"end":{"line":28,"column":40}},"loc":{"start":{"line":28,"column":43},"end":{"line":139,"column":1}},"line":28},"2":{"name":"(anonymous_2)","decl":{"start":{"line":38,"column":22},"end":{"line":38,"column":23}},"loc":{"start":{"line":38,"column":34},"end":{"line":47,"column":3}},"line":38},"3":{"name":"(anonymous_3)","decl":{"start":{"line":57,"column":19},"end":{"line":57,"column":20}},"loc":{"start":{"line":57,"column":25},"end":{"line":57,"column":38}},"line":57},"4":{"name":"(anonymous_4)","decl":{"start":{"line":92,"column":23},"end":{"line":92,"column":24}},"loc":{"start":{"line":92,"column":29},"end":{"line":92,"column":53}},"line":92},"5":{"name":"(anonymous_5)","decl":{"start":{"line":93,"column":22},"end":{"line":93,"column":23}},"loc":{"start":{"line":93,"column":28},"end":{"line":93,"column":49}},"line":93},"6":{"name":"(anonymous_6)","decl":{"start":{"line":110,"column":23},"end":{"line":110,"column":24}},"loc":{"start":{"line":110,"column":29},"end":{"line":110,"column":56}},"line":110},"7":{"name":"(anonymous_7)","decl":{"start":{"line":111,"column":22},"end":{"line":111,"column":23}},"loc":{"start":{"line":111,"column":28},"end":{"line":111,"column":49}},"line":111}},"branchMap":{"0":{"loc":{"start":{"line":25,"column":9},"end":{"line":25,"column":68}},"type":"binary-expr","locations":[{"start":{"line":25,"column":9},"end":{"line":25,"column":24}},{"start":{"line":25,"column":28},"end":{"line":25,"column":68}}],"line":25},"1":{"loc":{"start":{"line":39,"column":4},"end":{"line":41,"column":5}},"type":"if","locations":[{"start":{"line":39,"column":4},"end":{"line":41,"column":5}},{"start":{},"end":{}}],"line":39},"2":{"loc":{"start":{"line":39,"column":8},"end":{"line":39,"column":41}},"type":"binary-expr","locations":[{"start":{"line":39,"column":8},"end":{"line":39,"column":21}},{"start":{"line":39,"column":25},"end":{"line":39,"column":41}}],"line":39},"3":{"loc":{"start":{"line":51,"column":16},"end":{"line":51,"column":60}},"type":"cond-expr","locations":[{"start":{"line":51,"column":40},"end":{"line":51,"column":49}},{"start":{"line":51,"column":52},"end":{"line":51,"column":60}}],"line":51},"4":{"loc":{"start":{"line":72,"column":9},"end":{"line":78,"column":9}},"type":"binary-expr","locations":[{"start":{"line":72,"column":9},"end":{"line":72,"column":14}},{"start":{"line":73,"column":10},"end":{"line":77,"column":23}}],"line":72},"5":{"loc":{"start":{"line":85,"column":35},"end":{"line":85,"column":78}},"type":"cond-expr","locations":[{"start":{"line":85,"column":62},"end":{"line":85,"column":69}},{"start":{"line":85,"column":72},"end":{"line":85,"column":78}}],"line":85},"6":{"loc":{"start":{"line":103,"column":35},"end":{"line":103,"column":81}},"type":"cond-expr","locations":[{"start":{"line":103,"column":65},"end":{"line":103,"column":72}},{"start":{"line":103,"column":75},"end":{"line":103,"column":81}}],"line":103},"7":{"loc":{"start":{"line":121,"column":14},"end":{"line":121,"column":74}},"type":"binary-expr","locations":[{"start":{"line":121,"column":15},"end":{"line":121,"column":28}},{"start":{"line":121,"column":32},"end":{"line":121,"column":48}},{"start":{"line":121,"column":53},"end":{"line":121,"column":74}}],"line":121},"8":{"loc":{"start":{"line":124,"column":22},"end":{"line":124,"column":66}},"type":"binary-expr","locations":[{"start":{"line":124,"column":22},"end":{"line":124,"column":29}},{"start":{"line":124,"column":33},"end":{"line":124,"column":46}},{"start":{"line":124,"column":50},"end":{"line":124,"column":66}}],"line":124},"9":{"loc":{"start":{"line":126,"column":13},"end":{"line":133,"column":13}},"type":"cond-expr","locations":[{"start":{"line":127,"column":14},"end":{"line":130,"column":27}},{"start":{"line":132,"column":14},"end":{"line":132,"column":72}}],"line":126}},"s":{"0":0,"1":0,"2":0,"3":0,"4":0,"5":0,"6":0,"7":0,"8":0,"9":0,"10":0,"11":0,"12":0,"13":0,"14":0,"15":0,"16":0,"17":0,"18":0,"19":0,"20":0,"21":0},"f":{"0":0,"1":0,"2":0,"3":0,"4":0,"5":0,"6":0,"7":0},"b":{"0":[0,0],"1":[0,0],"2":[0,0],"3":[0,0],"4":[0,0],"5":[0,0],"6":[0,0],"7":[0,0,0],"8":[0,0,0],"9":[0,0]}}
,"/Users/naqeeb/dev/personal/NomadCrew/nomad-crew-frontend/app/(auth)/invitation.tsx": {"path":"/Users/naqeeb/dev/personal/NomadCrew/nomad-crew-frontend/app/(auth)/invitation.tsx","statementMap":{"0":{"start":{"line":19,"column":20},"end":{"line":19,"column":42}},"1":{"start":{"line":20,"column":19},"end":{"line":20,"column":33}},"2":{"start":{"line":21,"column":30},"end":{"line":21,"column":82}},"3":{"start":{"line":22,"column":42},"end":{"line":22,"column":62}},"4":{"start":{"line":24,"column":2},"end":{"line":106,"column":20}},"5":{"start":{"line":25,"column":4},"end":{"line":25,"column":143}},"6":{"start":{"line":26,"column":4},"end":{"line":26,"column":103}},"7":{"start":{"line":28,"column":29},"end":{"line":103,"column":5}},"8":{"start":{"line":29,"column":6},"end":{"line":34,"column":7}},"9":{"start":{"line":30,"column":8},"end":{"line":30,"column":67}},"10":{"start":{"line":31,"column":8},"end":{"line":31,"column":27}},"11":{"start":{"line":32,"column":8},"end":{"line":32,"column":56}},"12":{"start":{"line":33,"column":8},"end":{"line":33,"column":15}},"13":{"start":{"line":36,"column":6},"end":{"line":41,"column":7}},"14":{"start":{"line":37,"column":8},"end":{"line":37,"column":76}},"15":{"start":{"line":38,"column":8},"end":{"line":38,"column":27}},"16":{"start":{"line":39,"column":8},"end":{"line":39,"column":48}},"17":{"start":{"line":40,"column":8},"end":{"line":40,"column":15}},"18":{"start":{"line":43,"column":6},"end":{"line":102,"column":7}},"19":{"start":{"line":46,"column":8},"end":{"line":79,"column":9}},"20":{"start":{"line":47,"column":10},"end":{"line":47,"column":42}},"21":{"start":{"line":48,"column":10},"end":{"line":48,"column":82}},"22":{"start":{"line":51,"column":10},"end":{"line":56,"column":11}},"23":{"start":{"line":52,"column":12},"end":{"line":52,"column":108}},"24":{"start":{"line":53,"column":12},"end":{"line":53,"column":31}},"25":{"start":{"line":54,"column":12},"end":{"line":54,"column":54}},"26":{"start":{"line":55,"column":12},"end":{"line":55,"column":19}},"27":{"start":{"line":59,"column":10},"end":{"line":62,"column":11}},"28":{"start":{"line":60,"column":12},"end":{"line":60,"column":63}},"29":{"start":{"line":64,"column":10},"end":{"line":67,"column":11}},"30":{"start":{"line":65,"column":12},"end":{"line":65,"column":69}},"31":{"start":{"line":70,"column":10},"end":{"line":75,"column":11}},"32":{"start":{"line":71,"column":12},"end":{"line":71,"column":120}},"33":{"start":{"line":72,"column":12},"end":{"line":72,"column":31}},"34":{"start":{"line":73,"column":12},"end":{"line":73,"column":127}},"35":{"start":{"line":74,"column":12},"end":{"line":74,"column":19}},"36":{"start":{"line":77,"column":10},"end":{"line":77,"column":77}},"37":{"start":{"line":82,"column":8},"end":{"line":97,"column":9}},"38":{"start":{"line":83,"column":10},"end":{"line":83,"column":86}},"39":{"start":{"line":84,"column":10},"end":{"line":84,"column":64}},"40":{"start":{"line":85,"column":10},"end":{"line":85,"column":31}},"41":{"start":{"line":86,"column":10},"end":{"line":88,"column":19}},"42":{"start":{"line":87,"column":12},"end":{"line":87,"column":44}},"43":{"start":{"line":90,"column":10},"end":{"line":90,"column":88}},"44":{"start":{"line":92,"column":10},"end":{"line":92,"column":65}},"45":{"start":{"line":93,"column":10},"end":{"line":93,"column":31}},"46":{"start":{"line":94,"column":10},"end":{"line":96,"column":19}},"47":{"start":{"line":95,"column":12},"end":{"line":95,"column":44}},"48":{"start":{"line":99,"column":8},"end":{"line":99,"column":74}},"49":{"start":{"line":100,"column":8},"end":{"line":100,"column":27}},"50":{"start":{"line":101,"column":8},"end":{"line":101,"column":97}},"51":{"start":{"line":105,"column":4},"end":{"line":105,"column":23}},"52":{"start":{"line":108,"column":2},"end":{"line":136,"column":4}},"53":{"start":{"line":139,"column":15},"end":{"line":163,"column":2}}},"fnMap":{"0":{"name":"InvitationScreen","decl":{"start":{"line":18,"column":24},"end":{"line":18,"column":40}},"loc":{"start":{"line":18,"column":43},"end":{"line":137,"column":1}},"line":18},"1":{"name":"(anonymous_1)","decl":{"start":{"line":24,"column":12},"end":{"line":24,"column":13}},"loc":{"start":{"line":24,"column":18},"end":{"line":106,"column":3}},"line":24},"2":{"name":"(anonymous_2)","decl":{"start":{"line":28,"column":29},"end":{"line":28,"column":30}},"loc":{"start":{"line":28,"column":41},"end":{"line":103,"column":5}},"line":28},"3":{"name":"(anonymous_3)","decl":{"start":{"line":86,"column":21},"end":{"line":86,"column":22}},"loc":{"start":{"line":86,"column":27},"end":{"line":88,"column":11}},"line":86},"4":{"name":"(anonymous_4)","decl":{"start":{"line":94,"column":21},"end":{"line":94,"column":22}},"loc":{"start":{"line":94,"column":27},"end":{"line":96,"column":11}},"line":94}},"branchMap":{"0":{"loc":{"start":{"line":25,"column":72},"end":{"line":25,"column":139}},"type":"cond-expr","locations":[{"start":{"line":25,"column":100},"end":{"line":25,"column":130}},{"start":{"line":25,"column":133},"end":{"line":25,"column":139}}],"line":25},"1":{"loc":{"start":{"line":26,"column":46},"end":{"line":26,"column":99}},"type":"cond-expr","locations":[{"start":{"line":26,"column":53},"end":{"line":26,"column":81}},{"start":{"line":26,"column":84},"end":{"line":26,"column":99}}],"line":26},"2":{"loc":{"start":{"line":29,"column":6},"end":{"line":34,"column":7}},"type":"if","locations":[{"start":{"line":29,"column":6},"end":{"line":34,"column":7}},{"start":{},"end":{}}],"line":29},"3":{"loc":{"start":{"line":36,"column":6},"end":{"line":41,"column":7}},"type":"if","locations":[{"start":{"line":36,"column":6},"end":{"line":41,"column":7}},{"start":{},"end":{}}],"line":36},"4":{"loc":{"start":{"line":51,"column":10},"end":{"line":56,"column":11}},"type":"if","locations":[{"start":{"line":51,"column":10},"end":{"line":56,"column":11}},{"start":{},"end":{}}],"line":51},"5":{"loc":{"start":{"line":51,"column":14},"end":{"line":51,"column":70}},"type":"binary-expr","locations":[{"start":{"line":51,"column":14},"end":{"line":51,"column":30}},{"start":{"line":51,"column":34},"end":{"line":51,"column":70}}],"line":51},"6":{"loc":{"start":{"line":59,"column":10},"end":{"line":62,"column":11}},"type":"if","locations":[{"start":{"line":59,"column":10},"end":{"line":62,"column":11}},{"start":{},"end":{}}],"line":59},"7":{"loc":{"start":{"line":64,"column":10},"end":{"line":67,"column":11}},"type":"if","locations":[{"start":{"line":64,"column":10},"end":{"line":67,"column":11}},{"start":{},"end":{}}],"line":64},"8":{"loc":{"start":{"line":70,"column":10},"end":{"line":75,"column":11}},"type":"if","locations":[{"start":{"line":70,"column":10},"end":{"line":75,"column":11}},{"start":{},"end":{}}],"line":70},"9":{"loc":{"start":{"line":70,"column":14},"end":{"line":70,"column":98}},"type":"binary-expr","locations":[{"start":{"line":70,"column":14},"end":{"line":70,"column":39}},{"start":{"line":70,"column":43},"end":{"line":70,"column":54}},{"start":{"line":70,"column":58},"end":{"line":70,"column":98}}],"line":70},"10":{"loc":{"start":{"line":82,"column":8},"end":{"line":97,"column":9}},"type":"if","locations":[{"start":{"line":82,"column":8},"end":{"line":97,"column":9}},{"start":{"line":89,"column":15},"end":{"line":97,"column":9}}],"line":82},"11":{"loc":{"start":{"line":101,"column":24},"end":{"line":101,"column":95}},"type":"cond-expr","locations":[{"start":{"line":101,"column":49},"end":{"line":101,"column":62}},{"start":{"line":101,"column":65},"end":{"line":101,"column":95}}],"line":101},"12":{"loc":{"start":{"line":110,"column":7},"end":{"line":115,"column":7}},"type":"binary-expr","locations":[{"start":{"line":110,"column":7},"end":{"line":110,"column":27}},{"start":{"line":111,"column":8},"end":{"line":114,"column":11}}],"line":110},"13":{"loc":{"start":{"line":117,"column":7},"end":{"line":126,"column":7}},"type":"binary-expr","locations":[{"start":{"line":117,"column":7},"end":{"line":117,"column":27}},{"start":{"line":118,"column":8},"end":{"line":125,"column":11}}],"line":117},"14":{"loc":{"start":{"line":121,"column":13},"end":{"line":123,"column":73}},"type":"cond-expr","locations":[{"start":{"line":122,"column":16},"end":{"line":122,"column":79}},{"start":{"line":123,"column":16},"end":{"line":123,"column":73}}],"line":121},"15":{"loc":{"start":{"line":128,"column":7},"end":{"line":134,"column":7}},"type":"binary-expr","locations":[{"start":{"line":128,"column":7},"end":{"line":128,"column":25}},{"start":{"line":129,"column":8},"end":{"line":133,"column":11}}],"line":128},"16":{"loc":{"start":{"line":131,"column":42},"end":{"line":131,"column":88}},"type":"binary-expr","locations":[{"start":{"line":131,"column":42},"end":{"line":131,"column":54}},{"start":{"line":131,"column":58},"end":{"line":131,"column":88}}],"line":131}},"s":{"0":0,"1":0,"2":0,"3":0,"4":0,"5":0,"6":0,"7":0,"8":0,"9":0,"10":0,"11":0,"12":0,"13":0,"14":0,"15":0,"16":0,"17":0,"18":0,"19":0,"20":0,"21":0,"22":0,"23":0,"24":0,"25":0,"26":0,"27":0,"28":0,"29":0,"30":0,"31":0,"32":0,"33":0,"34":0,"35":0,"36":0,"37":0,"38":0,"39":0,"40":0,"41":0,"42":0,"43":0,"44":0,"45":0,"46":0,"47":0,"48":0,"49":0,"50":0,"51":0,"52":0,"53":0},"f":{"0":0,"1":0,"2":0,"3":0,"4":0},"b":{"0":[0,0],"1":[0,0],"2":[0,0],"3":[0,0],"4":[0,0],"5":[0,0],"6":[0,0],"7":[0,0],"8":[0,0],"9":[0,0,0],"10":[0,0],"11":[0,0],"12":[0,0],"13":[0,0],"14":[0,0],"15":[0,0],"16":[0,0]}}
,"/Users/naqeeb/dev/personal/NomadCrew/nomad-crew-frontend/app/(auth)/login.tsx": {"path":"/Users/naqeeb/dev/personal/NomadCrew/nomad-crew-frontend/app/(auth)/login.tsx","statementMap":{"0":{"start":{"line":20,"column":54},"end":{"line":20,"column":69}},"1":{"start":{"line":21,"column":20},"end":{"line":21,"column":30}},"2":{"start":{"line":22,"column":29},"end":{"line":22,"column":46}},"3":{"start":{"line":23,"column":28},"end":{"line":23,"column":44}},"4":{"start":{"line":25,"column":2},"end":{"line":80,"column":4}},"5":{"start":{"line":66,"column":27},"end":{"line":66,"column":53}},"6":{"start":{"line":75,"column":30},"end":{"line":75,"column":57}},"7":{"start":{"line":77,"column":39},"end":{"line":77,"column":66}},"8":{"start":{"line":83,"column":15},"end":{"line":161,"column":4}},"9":{"start":{"line":84,"column":2},"end":{"line":161,"column":4}}},"fnMap":{"0":{"name":"LoginScreen","decl":{"start":{"line":19,"column":24},"end":{"line":19,"column":35}},"loc":{"start":{"line":19,"column":38},"end":{"line":81,"column":1}},"line":19},"1":{"name":"(anonymous_1)","decl":{"start":{"line":66,"column":21},"end":{"line":66,"column":22}},"loc":{"start":{"line":66,"column":27},"end":{"line":66,"column":53}},"line":66},"2":{"name":"(anonymous_2)","decl":{"start":{"line":75,"column":24},"end":{"line":75,"column":25}},"loc":{"start":{"line":75,"column":30},"end":{"line":75,"column":57}},"line":75},"3":{"name":"(anonymous_3)","decl":{"start":{"line":77,"column":33},"end":{"line":77,"column":34}},"loc":{"start":{"line":77,"column":39},"end":{"line":77,"column":66}},"line":77},"4":{"name":"(anonymous_4)","decl":{"start":{"line":83,"column":15},"end":{"line":83,"column":16}},"loc":{"start":{"line":84,"column":2},"end":{"line":161,"column":4}},"line":84}},"branchMap":{"0":{"loc":{"start":{"line":27,"column":16},"end":{"line":27,"column":60}},"type":"cond-expr","locations":[{"start":{"line":27,"column":40},"end":{"line":27,"column":49}},{"start":{"line":27,"column":52},"end":{"line":27,"column":60}}],"line":27},"1":{"loc":{"start":{"line":51,"column":11},"end":{"line":60,"column":11}},"type":"binary-expr","locations":[{"start":{"line":51,"column":11},"end":{"line":51,"column":32}},{"start":{"line":52,"column":12},"end":{"line":59,"column":15}}],"line":51}},"s":{"0":0,"1":0,"2":0,"3":0,"4":0,"5":0,"6":0,"7":0,"8":0,"9":0},"f":{"0":0,"1":0,"2":0,"3":0,"4":0},"b":{"0":[0,0],"1":[0,0]}}
,"/Users/naqeeb/dev/personal/NomadCrew/nomad-crew-frontend/app/(auth)/register.tsx": {"path":"/Users/naqeeb/dev/personal/NomadCrew/nomad-crew-frontend/app/(auth)/register.tsx","statementMap":{"0":{"start":{"line":21,"column":34},"end":{"line":27,"column":4}},"1":{"start":{"line":28,"column":42},"end":{"line":28,"column":71}},"2":{"start":{"line":29,"column":52},"end":{"line":29,"column":66}},"3":{"start":{"line":30,"column":20},"end":{"line":30,"column":30}},"4":{"start":{"line":33,"column":22},"end":{"line":33,"column":43}},"5":{"start":{"line":35,"column":25},"end":{"line":54,"column":3}},"6":{"start":{"line":36,"column":4},"end":{"line":53,"column":5}},"7":{"start":{"line":37,"column":6},"end":{"line":37,"column":31}},"8":{"start":{"line":38,"column":6},"end":{"line":50,"column":8}},"9":{"start":{"line":46,"column":14},"end":{"line":46,"column":46}},"10":{"start":{"line":56,"column":2},"end":{"line":179,"column":4}},"11":{"start":{"line":79,"column":14},"end":{"line":79,"column":66}},"12":{"start":{"line":79,"column":37},"end":{"line":79,"column":64}},"13":{"start":{"line":81,"column":27},"end":{"line":81,"column":54}},"14":{"start":{"line":82,"column":26},"end":{"line":82,"column":47}},"15":{"start":{"line":95,"column":14},"end":{"line":95,"column":63}},"16":{"start":{"line":95,"column":37},"end":{"line":95,"column":61}},"17":{"start":{"line":99,"column":27},"end":{"line":99,"column":51}},"18":{"start":{"line":100,"column":26},"end":{"line":100,"column":47}},"19":{"start":{"line":113,"column":14},"end":{"line":113,"column":66}},"20":{"start":{"line":113,"column":37},"end":{"line":113,"column":64}},"21":{"start":{"line":116,"column":27},"end":{"line":116,"column":54}},"22":{"start":{"line":117,"column":26},"end":{"line":117,"column":47}},"23":{"start":{"line":130,"column":14},"end":{"line":130,"column":67}},"24":{"start":{"line":130,"column":37},"end":{"line":130,"column":65}},"25":{"start":{"line":132,"column":27},"end":{"line":132,"column":55}},"26":{"start":{"line":133,"column":26},"end":{"line":133,"column":47}},"27":{"start":{"line":146,"column":14},"end":{"line":146,"column":66}},"28":{"start":{"line":146,"column":37},"end":{"line":146,"column":64}},"29":{"start":{"line":148,"column":27},"end":{"line":148,"column":54}},"30":{"start":{"line":149,"column":26},"end":{"line":149,"column":47}},"31":{"start":{"line":182,"column":15},"end":{"line":230,"column":4}},"32":{"start":{"line":183,"column":2},"end":{"line":230,"column":4}}},"fnMap":{"0":{"name":"RegisterScreen","decl":{"start":{"line":20,"column":24},"end":{"line":20,"column":38}},"loc":{"start":{"line":20,"column":41},"end":{"line":180,"column":1}},"line":20},"1":{"name":"(anonymous_1)","decl":{"start":{"line":35,"column":25},"end":{"line":35,"column":26}},"loc":{"start":{"line":35,"column":37},"end":{"line":54,"column":3}},"line":35},"2":{"name":"(anonymous_2)","decl":{"start":{"line":44,"column":21},"end":{"line":44,"column":22}},"loc":{"start":{"line":44,"column":27},"end":{"line":47,"column":13}},"line":44},"3":{"name":"(anonymous_3)","decl":{"start":{"line":78,"column":26},"end":{"line":78,"column":27}},"loc":{"start":{"line":79,"column":14},"end":{"line":79,"column":66}},"line":79},"4":{"name":"(anonymous_4)","decl":{"start":{"line":79,"column":26},"end":{"line":79,"column":27}},"loc":{"start":{"line":79,"column":37},"end":{"line":79,"column":64}},"line":79},"5":{"name":"(anonymous_5)","decl":{"start":{"line":81,"column":21},"end":{"line":81,"column":22}},"loc":{"start":{"line":81,"column":27},"end":{"line":81,"column":54}},"line":81},"6":{"name":"(anonymous_6)","decl":{"start":{"line":82,"column":20},"end":{"line":82,"column":21}},"loc":{"start":{"line":82,"column":26},"end":{"line":82,"column":47}},"line":82},"7":{"name":"(anonymous_7)","decl":{"start":{"line":94,"column":26},"end":{"line":94,"column":27}},"loc":{"start":{"line":95,"column":14},"end":{"line":95,"column":63}},"line":95},"8":{"name":"(anonymous_8)","decl":{"start":{"line":95,"column":26},"end":{"line":95,"column":27}},"loc":{"start":{"line":95,"column":37},"end":{"line":95,"column":61}},"line":95},"9":{"name":"(anonymous_9)","decl":{"start":{"line":99,"column":21},"end":{"line":99,"column":22}},"loc":{"start":{"line":99,"column":27},"end":{"line":99,"column":51}},"line":99},"10":{"name":"(anonymous_10)","decl":{"start":{"line":100,"column":20},"end":{"line":100,"column":21}},"loc":{"start":{"line":100,"column":26},"end":{"line":100,"column":47}},"line":100},"11":{"name":"(anonymous_11)","decl":{"start":{"line":112,"column":26},"end":{"line":112,"column":27}},"loc":{"start":{"line":113,"column":14},"end":{"line":113,"column":66}},"line":113},"12":{"name":"(anonymous_12)","decl":{"start":{"line":113,"column":26},"end":{"line":113,"column":27}},"loc":{"start":{"line":113,"column":37},"end":{"line":113,"column":64}},"line":113},"13":{"name":"(anonymous_13)","decl":{"start":{"line":116,"column":21},"end":{"line":116,"column":22}},"loc":{"start":{"line":116,"column":27},"end":{"line":116,"column":54}},"line":116},"14":{"name":"(anonymous_14)","decl":{"start":{"line":117,"column":20},"end":{"line":117,"column":21}},"loc":{"start":{"line":117,"column":26},"end":{"line":117,"column":47}},"line":117},"15":{"name":"(anonymous_15)","decl":{"start":{"line":129,"column":26},"end":{"line":129,"column":27}},"loc":{"start":{"line":130,"column":14},"end":{"line":130,"column":67}},"line":130},"16":{"name":"(anonymous_16)","decl":{"start":{"line":130,"column":26},"end":{"line":130,"column":27}},"loc":{"start":{"line":130,"column":37},"end":{"line":130,"column":65}},"line":130},"17":{"name":"(anonymous_17)","decl":{"start":{"line":132,"column":21},"end":{"line":132,"column":22}},"loc":{"start":{"line":132,"column":27},"end":{"line":132,"column":55}},"line":132},"18":{"name":"(anonymous_18)","decl":{"start":{"line":133,"column":20},"end":{"line":133,"column":21}},"loc":{"start":{"line":133,"column":26},"end":{"line":133,"column":47}},"line":133},"19":{"name":"(anonymous_19)","decl":{"start":{"line":145,"column":26},"end":{"line":145,"column":27}},"loc":{"start":{"line":146,"column":14},"end":{"line":146,"column":66}},"line":146},"20":{"name":"(anonymous_20)","decl":{"start":{"line":146,"column":26},"end":{"line":146,"column":27}},"loc":{"start":{"line":146,"column":37},"end":{"line":146,"column":64}},"line":146},"21":{"name":"(anonymous_21)","decl":{"start":{"line":148,"column":21},"end":{"line":148,"column":22}},"loc":{"start":{"line":148,"column":27},"end":{"line":148,"column":54}},"line":148},"22":{"name":"(anonymous_22)","decl":{"start":{"line":149,"column":20},"end":{"line":149,"column":21}},"loc":{"start":{"line":149,"column":26},"end":{"line":149,"column":47}},"line":149},"23":{"name":"(anonymous_23)","decl":{"start":{"line":182,"column":15},"end":{"line":182,"column":16}},"loc":{"start":{"line":183,"column":2},"end":{"line":230,"column":4}},"line":183}},"branchMap":{"0":{"loc":{"start":{"line":58,"column":16},"end":{"line":58,"column":60}},"type":"cond-expr","locations":[{"start":{"line":58,"column":40},"end":{"line":58,"column":49}},{"start":{"line":58,"column":52},"end":{"line":58,"column":60}}],"line":58},"1":{"loc":{"start":{"line":65,"column":11},"end":{"line":67,"column":11}},"type":"binary-expr","locations":[{"start":{"line":65,"column":11},"end":{"line":65,"column":16}},{"start":{"line":66,"column":12},"end":{"line":66,"column":76}}],"line":65},"2":{"loc":{"start":{"line":72,"column":33},"end":{"line":72,"column":79}},"type":"cond-expr","locations":[{"start":{"line":72,"column":63},"end":{"line":72,"column":70}},{"start":{"line":72,"column":73},"end":{"line":72,"column":79}}],"line":72},"3":{"loc":{"start":{"line":88,"column":33},"end":{"line":88,"column":76}},"type":"cond-expr","locations":[{"start":{"line":88,"column":60},"end":{"line":88,"column":67}},{"start":{"line":88,"column":70},"end":{"line":88,"column":76}}],"line":88},"4":{"loc":{"start":{"line":106,"column":33},"end":{"line":106,"column":79}},"type":"cond-expr","locations":[{"start":{"line":106,"column":63},"end":{"line":106,"column":70}},{"start":{"line":106,"column":73},"end":{"line":106,"column":79}}],"line":106},"5":{"loc":{"start":{"line":123,"column":33},"end":{"line":123,"column":80}},"type":"cond-expr","locations":[{"start":{"line":123,"column":64},"end":{"line":123,"column":71}},{"start":{"line":123,"column":74},"end":{"line":123,"column":80}}],"line":123},"6":{"loc":{"start":{"line":139,"column":33},"end":{"line":139,"column":79}},"type":"cond-expr","locations":[{"start":{"line":139,"column":63},"end":{"line":139,"column":70}},{"start":{"line":139,"column":73},"end":{"line":139,"column":79}}],"line":139},"7":{"loc":{"start":{"line":161,"column":13},"end":{"line":165,"column":13}},"type":"cond-expr","locations":[{"start":{"line":162,"column":14},"end":{"line":162,"column":51}},{"start":{"line":164,"column":14},"end":{"line":164,"column":80}}],"line":161}},"s":{"0":0,"1":0,"2":0,"3":0,"4":0,"5":0,"6":0,"7":0,"8":0,"9":0,"10":0,"11":0,"12":0,"13":0,"14":0,"15":0,"16":0,"17":0,"18":0,"19":0,"20":0,"21":0,"22":0,"23":0,"24":0,"25":0,"26":0,"27":0,"28":0,"29":0,"30":0,"31":0,"32":0},"f":{"0":0,"1":0,"2":0,"3":0,"4":0,"5":0,"6":0,"7":0,"8":0,"9":0,"10":0,"11":0,"12":0,"13":0,"14":0,"15":0,"16":0,"17":0,"18":0,"19":0,"20":0,"21":0,"22":0,"23":0},"b":{"0":[0,0],"1":[0,0],"2":[0,0],"3":[0,0],"4":[0,0],"5":[0,0],"6":[0,0],"7":[0,0]}}
,"/Users/naqeeb/dev/personal/NomadCrew/nomad-crew-frontend/app/(auth)/verify-email.tsx": {"path":"/Users/naqeeb/dev/personal/NomadCrew/nomad-crew-frontend/app/(auth)/verify-email.tsx","statementMap":{"0":{"start":{"line":13,"column":22},"end":{"line":13,"column":32}},"1":{"start":{"line":14,"column":28},"end":{"line":14,"column":42}},"2":{"start":{"line":16,"column":4},"end":{"line":54,"column":11}},"3":{"start":{"line":18,"column":31},"end":{"line":25,"column":8}},"4":{"start":{"line":19,"column":8},"end":{"line":24,"column":9}},"5":{"start":{"line":20,"column":37},"end":{"line":20,"column":66}},"6":{"start":{"line":21,"column":10},"end":{"line":23,"column":11}},"7":{"start":{"line":22,"column":12},"end":{"line":22,"column":44}},"8":{"start":{"line":28,"column":29},"end":{"line":46,"column":7}},"9":{"start":{"line":29,"column":23},"end":{"line":29,"column":61}},"10":{"start":{"line":30,"column":21},"end":{"line":30,"column":39}},"11":{"start":{"line":31,"column":8},"end":{"line":45,"column":9}},"12":{"start":{"line":32,"column":24},"end":{"line":32,"column":48}},"13":{"start":{"line":33,"column":10},"end":{"line":44,"column":11}},"14":{"start":{"line":34,"column":30},"end":{"line":37,"column":14}},"15":{"start":{"line":38,"column":12},"end":{"line":43,"column":13}},"16":{"start":{"line":39,"column":41},"end":{"line":39,"column":70}},"17":{"start":{"line":40,"column":14},"end":{"line":42,"column":15}},"18":{"start":{"line":41,"column":16},"end":{"line":41,"column":48}},"19":{"start":{"line":47,"column":6},"end":{"line":47,"column":54}},"20":{"start":{"line":50,"column":6},"end":{"line":53,"column":8}},"21":{"start":{"line":51,"column":8},"end":{"line":51,"column":57}},"22":{"start":{"line":52,"column":8},"end":{"line":52,"column":42}},"23":{"start":{"line":56,"column":4},"end":{"line":59,"column":5}},"24":{"start":{"line":57,"column":6},"end":{"line":57,"column":38}},"25":{"start":{"line":58,"column":6},"end":{"line":58,"column":18}},"26":{"start":{"line":61,"column":2},"end":{"line":68,"column":4}},"27":{"start":{"line":71,"column":15},"end":{"line":87,"column":2}},"28":{"start":{"line":71,"column":33},"end":{"line":87,"column":2}}},"fnMap":{"0":{"name":"VerifyEmailScreen","decl":{"start":{"line":12,"column":24},"end":{"line":12,"column":41}},"loc":{"start":{"line":12,"column":44},"end":{"line":69,"column":1}},"line":12},"1":{"name":"(anonymous_1)","decl":{"start":{"line":16,"column":14},"end":{"line":16,"column":15}},"loc":{"start":{"line":16,"column":20},"end":{"line":54,"column":5}},"line":16},"2":{"name":"(anonymous_2)","decl":{"start":{"line":18,"column":63},"end":{"line":18,"column":64}},"loc":{"start":{"line":18,"column":80},"end":{"line":25,"column":7}},"line":18},"3":{"name":"(anonymous_3)","decl":{"start":{"line":28,"column":29},"end":{"line":28,"column":30}},"loc":{"start":{"line":28,"column":65},"end":{"line":46,"column":7}},"line":28},"4":{"name":"(anonymous_4)","decl":{"start":{"line":50,"column":13},"end":{"line":50,"column":14}},"loc":{"start":{"line":50,"column":19},"end":{"line":53,"column":7}},"line":50},"5":{"name":"(anonymous_5)","decl":{"start":{"line":71,"column":15},"end":{"line":71,"column":16}},"loc":{"start":{"line":71,"column":33},"end":{"line":87,"column":2}},"line":71}},"branchMap":{"0":{"loc":{"start":{"line":19,"column":8},"end":{"line":24,"column":9}},"type":"if","locations":[{"start":{"line":19,"column":8},"end":{"line":24,"column":9}},{"start":{},"end":{}}],"line":19},"1":{"loc":{"start":{"line":21,"column":10},"end":{"line":23,"column":11}},"type":"if","locations":[{"start":{"line":21,"column":10},"end":{"line":23,"column":11}},{"start":{},"end":{}}],"line":21},"2":{"loc":{"start":{"line":31,"column":8},"end":{"line":45,"column":9}},"type":"if","locations":[{"start":{"line":31,"column":8},"end":{"line":45,"column":9}},{"start":{},"end":{}}],"line":31},"3":{"loc":{"start":{"line":31,"column":12},"end":{"line":31,"column":54}},"type":"binary-expr","locations":[{"start":{"line":31,"column":12},"end":{"line":31,"column":28}},{"start":{"line":31,"column":32},"end":{"line":31,"column":54}}],"line":31},"4":{"loc":{"start":{"line":33,"column":10},"end":{"line":44,"column":11}},"type":"if","locations":[{"start":{"line":33,"column":10},"end":{"line":44,"column":11}},{"start":{},"end":{}}],"line":33},"5":{"loc":{"start":{"line":38,"column":12},"end":{"line":43,"column":13}},"type":"if","locations":[{"start":{"line":38,"column":12},"end":{"line":43,"column":13}},{"start":{},"end":{}}],"line":38},"6":{"loc":{"start":{"line":40,"column":14},"end":{"line":42,"column":15}},"type":"if","locations":[{"start":{"line":40,"column":14},"end":{"line":42,"column":15}},{"start":{},"end":{}}],"line":40},"7":{"loc":{"start":{"line":56,"column":4},"end":{"line":59,"column":5}},"type":"if","locations":[{"start":{"line":56,"column":4},"end":{"line":59,"column":5}},{"start":{},"end":{}}],"line":56}},"s":{"0":0,"1":0,"2":0,"3":0,"4":0,"5":0,"6":0,"7":0,"8":0,"9":0,"10":0,"11":0,"12":0,"13":0,"14":0,"15":0,"16":0,"17":0,"18":0,"19":0,"20":0,"21":0,"22":0,"23":0,"24":0,"25":0,"26":0,"27":0,"28":0},"f":{"0":0,"1":0,"2":0,"3":0,"4":0,"5":0},"b":{"0":[0,0],"1":[0,0],"2":[0,0],"3":[0,0],"4":[0,0],"5":[0,0],"6":[0,0],"7":[0,0]}}
,"/Users/naqeeb/dev/personal/NomadCrew/nomad-crew-frontend/app/(onboarding)/_layout.tsx": {"path":"/Users/naqeeb/dev/personal/NomadCrew/nomad-crew-frontend/app/(onboarding)/_layout.tsx","statementMap":{"0":{"start":{"line":4,"column":4},"end":{"line":27,"column":6}}},"fnMap":{"0":{"name":"OnboardingLayout","decl":{"start":{"line":3,"column":24},"end":{"line":3,"column":40}},"loc":{"start":{"line":3,"column":43},"end":{"line":28,"column":3}},"line":3}},"branchMap":{},"s":{"0":0},"f":{"0":0},"b":{}}
,"/Users/naqeeb/dev/personal/NomadCrew/nomad-crew-frontend/app/(onboarding)/permissions.tsx": {"path":"/Users/naqeeb/dev/personal/NomadCrew/nomad-crew-frontend/app/(onboarding)/permissions.tsx","statementMap":{"0":{"start":{"line":23,"column":20},"end":{"line":23,"column":30}},"1":{"start":{"line":24,"column":31},"end":{"line":24,"column":46}},"2":{"start":{"line":25,"column":40},"end":{"line":28,"column":4}},"3":{"start":{"line":30,"column":36},"end":{"line":43,"column":8}},"4":{"start":{"line":31,"column":4},"end":{"line":42,"column":5}},"5":{"start":{"line":32,"column":25},"end":{"line":32,"column":75}},"6":{"start":{"line":33,"column":6},"end":{"line":36,"column":10}},"7":{"start":{"line":33,"column":30},"end":{"line":36,"column":7}},"8":{"start":{"line":38,"column":6},"end":{"line":41,"column":10}},"9":{"start":{"line":38,"column":30},"end":{"line":41,"column":7}},"10":{"start":{"line":45,"column":40},"end":{"line":58,"column":8}},"11":{"start":{"line":46,"column":4},"end":{"line":57,"column":5}},"12":{"start":{"line":47,"column":25},"end":{"line":47,"column":70}},"13":{"start":{"line":48,"column":6},"end":{"line":51,"column":10}},"14":{"start":{"line":48,"column":30},"end":{"line":51,"column":7}},"15":{"start":{"line":53,"column":6},"end":{"line":56,"column":10}},"16":{"start":{"line":53,"column":30},"end":{"line":56,"column":7}},"17":{"start":{"line":61,"column":2},"end":{"line":75,"column":9}},"18":{"start":{"line":63,"column":51},"end":{"line":66,"column":8}},"19":{"start":{"line":68,"column":6},"end":{"line":71,"column":9}},"20":{"start":{"line":74,"column":4},"end":{"line":74,"column":23}},"21":{"start":{"line":77,"column":25},"end":{"line":80,"column":3}},"22":{"start":{"line":78,"column":4},"end":{"line":78,"column":29}},"23":{"start":{"line":79,"column":4},"end":{"line":79,"column":30}},"24":{"start":{"line":82,"column":23},"end":{"line":84,"column":8}},"25":{"start":{"line":83,"column":4},"end":{"line":83,"column":27}},"26":{"start":{"line":86,"column":31},"end":{"line":177,"column":3}},"27":{"start":{"line":92,"column":22},"end":{"line":92,"column":39}},"28":{"start":{"line":93,"column":22},"end":{"line":93,"column":40}},"29":{"start":{"line":94,"column":21},"end":{"line":94,"column":40}},"30":{"start":{"line":96,"column":30},"end":{"line":98,"column":37}},"31":{"start":{"line":100,"column":4},"end":{"line":176,"column":6}},"32":{"start":{"line":180,"column":22},"end":{"line":180,"column":89}},"33":{"start":{"line":182,"column":23},"end":{"line":182,"column":92}},"34":{"start":{"line":184,"column":2},"end":{"line":242,"column":4}},"35":{"start":{"line":245,"column":15},"end":{"line":340,"column":2}}},"fnMap":{"0":{"name":"PermissionsScreen","decl":{"start":{"line":22,"column":24},"end":{"line":22,"column":41}},"loc":{"start":{"line":22,"column":44},"end":{"line":243,"column":1}},"line":22},"1":{"name":"(anonymous_1)","decl":{"start":{"line":30,"column":48},"end":{"line":30,"column":49}},"loc":{"start":{"line":30,"column":60},"end":{"line":43,"column":3}},"line":30},"2":{"name":"(anonymous_2)","decl":{"start":{"line":33,"column":21},"end":{"line":33,"column":22}},"loc":{"start":{"line":33,"column":30},"end":{"line":36,"column":7}},"line":33},"3":{"name":"(anonymous_3)","decl":{"start":{"line":38,"column":21},"end":{"line":38,"column":22}},"loc":{"start":{"line":38,"column":30},"end":{"line":41,"column":7}},"line":38},"4":{"name":"(anonymous_4)","decl":{"start":{"line":45,"column":52},"end":{"line":45,"column":53}},"loc":{"start":{"line":45,"column":64},"end":{"line":58,"column":3}},"line":45},"5":{"name":"(anonymous_5)","decl":{"start":{"line":48,"column":21},"end":{"line":48,"column":22}},"loc":{"start":{"line":48,"column":30},"end":{"line":51,"column":7}},"line":48},"6":{"name":"(anonymous_6)","decl":{"start":{"line":53,"column":21},"end":{"line":53,"column":22}},"loc":{"start":{"line":53,"column":30},"end":{"line":56,"column":7}},"line":53},"7":{"name":"(anonymous_7)","decl":{"start":{"line":61,"column":12},"end":{"line":61,"column":13}},"loc":{"start":{"line":61,"column":18},"end":{"line":75,"column":3}},"line":61},"8":{"name":"checkPermissions","decl":{"start":{"line":62,"column":19},"end":{"line":62,"column":35}},"loc":{"start":{"line":62,"column":38},"end":{"line":72,"column":5}},"line":62},"9":{"name":"(anonymous_9)","decl":{"start":{"line":77,"column":25},"end":{"line":77,"column":26}},"loc":{"start":{"line":77,"column":37},"end":{"line":80,"column":3}},"line":77},"10":{"name":"(anonymous_10)","decl":{"start":{"line":82,"column":35},"end":{"line":82,"column":36}},"loc":{"start":{"line":82,"column":41},"end":{"line":84,"column":3}},"line":82},"11":{"name":"(anonymous_11)","decl":{"start":{"line":86,"column":31},"end":{"line":86,"column":32}},"loc":{"start":{"line":91,"column":7},"end":{"line":177,"column":3}},"line":91}},"branchMap":{"0":{"loc":{"start":{"line":96,"column":30},"end":{"line":98,"column":37}},"type":"cond-expr","locations":[{"start":{"line":97,"column":8},"end":{"line":97,"column":33}},{"start":{"line":98,"column":8},"end":{"line":98,"column":37}}],"line":96},"1":{"loc":{"start":{"line":102,"column":49},"end":{"line":102,"column":78}},"type":"cond-expr","locations":[{"start":{"line":102,"column":71},"end":{"line":102,"column":72}},{"start":{"line":102,"column":75},"end":{"line":102,"column":78}}],"line":102},"2":{"loc":{"start":{"line":107,"column":25},"end":{"line":111,"column":45}},"type":"cond-expr","locations":[{"start":{"line":108,"column":16},"end":{"line":108,"column":50}},{"start":{"line":109,"column":16},"end":{"line":111,"column":45}}],"line":107},"3":{"loc":{"start":{"line":109,"column":16},"end":{"line":111,"column":45}},"type":"cond-expr","locations":[{"start":{"line":110,"column":18},"end":{"line":110,"column":50}},{"start":{"line":111,"column":18},"end":{"line":111,"column":45}}],"line":109},"4":{"loc":{"start":{"line":118,"column":19},"end":{"line":120,"column":41}},"type":"cond-expr","locations":[{"start":{"line":119,"column":16},"end":{"line":119,"column":51}},{"start":{"line":120,"column":16},"end":{"line":120,"column":41}}],"line":118},"5":{"loc":{"start":{"line":131,"column":9},"end":{"line":174,"column":9}},"type":"cond-expr","locations":[{"start":{"line":132,"column":10},"end":{"line":144,"column":26}},{"start":{"line":146,"column":10},"end":{"line":173,"column":26}}],"line":131},"6":{"loc":{"start":{"line":150,"column":13},"end":{"line":160,"column":13}},"type":"cond-expr","locations":[{"start":{"line":151,"column":14},"end":{"line":154,"column":16}},{"start":{"line":156,"column":14},"end":{"line":159,"column":16}}],"line":150},"7":{"loc":{"start":{"line":165,"column":25},"end":{"line":167,"column":55}},"type":"cond-expr","locations":[{"start":{"line":166,"column":22},"end":{"line":166,"column":57}},{"start":{"line":167,"column":22},"end":{"line":167,"column":55}}],"line":165},"8":{"loc":{"start":{"line":171,"column":15},"end":{"line":171,"column":49}},"type":"cond-expr","locations":[{"start":{"line":171,"column":27},"end":{"line":171,"column":36}},{"start":{"line":171,"column":39},"end":{"line":171,"column":49}}],"line":171},"9":{"loc":{"start":{"line":180,"column":22},"end":{"line":180,"column":89}},"type":"binary-expr","locations":[{"start":{"line":180,"column":22},"end":{"line":180,"column":51}},{"start":{"line":180,"column":55},"end":{"line":180,"column":89}}],"line":180},"10":{"loc":{"start":{"line":182,"column":23},"end":{"line":182,"column":92}},"type":"binary-expr","locations":[{"start":{"line":182,"column":23},"end":{"line":182,"column":53}},{"start":{"line":182,"column":57},"end":{"line":182,"column":92}}],"line":182},"11":{"loc":{"start":{"line":214,"column":7},"end":{"line":240,"column":7}},"type":"binary-expr","locations":[{"start":{"line":214,"column":7},"end":{"line":214,"column":18}},{"start":{"line":215,"column":8},"end":{"line":239,"column":24}}],"line":214},"12":{"loc":{"start":{"line":219,"column":11},"end":{"line":226,"column":11}},"type":"binary-expr","locations":[{"start":{"line":219,"column":11},"end":{"line":219,"column":23}},{"start":{"line":220,"column":12},"end":{"line":225,"column":25}}],"line":219},"13":{"loc":{"start":{"line":249,"column":16},"end":{"line":249,"column":47}},"type":"cond-expr","locations":[{"start":{"line":249,"column":40},"end":{"line":249,"column":42}},{"start":{"line":249,"column":45},"end":{"line":249,"column":47}}],"line":249},"14":{"loc":{"start":{"line":320,"column":12},"end":{"line":320,"column":43}},"type":"cond-expr","locations":[{"start":{"line":320,"column":36},"end":{"line":320,"column":38}},{"start":{"line":320,"column":41},"end":{"line":320,"column":43}}],"line":320}},"s":{"0":0,"1":0,"2":0,"3":0,"4":0,"5":0,"6":0,"7":0,"8":0,"9":0,"10":0,"11":0,"12":0,"13":0,"14":0,"15":0,"16":0,"17":0,"18":0,"19":0,"20":0,"21":0,"22":0,"23":0,"24":0,"25":0,"26":0,"27":0,"28":0,"29":0,"30":0,"31":0,"32":0,"33":0,"34":0,"35":0},"f":{"0":0,"1":0,"2":0,"3":0,"4":0,"5":0,"6":0,"7":0,"8":0,"9":0,"10":0,"11":0},"b":{"0":[0,0],"1":[0,0],"2":[0,0],"3":[0,0],"4":[0,0],"5":[0,0],"6":[0,0],"7":[0,0],"8":[0,0],"9":[0,0],"10":[0,0],"11":[0,0],"12":[0,0],"13":[0,0],"14":[0,0]}}
,"/Users/naqeeb/dev/personal/NomadCrew/nomad-crew-frontend/app/(onboarding)/welcome.tsx": {"path":"/Users/naqeeb/dev/personal/NomadCrew/nomad-crew-frontend/app/(onboarding)/welcome.tsx","statementMap":{"0":{"start":{"line":9,"column":31},"end":{"line":9,"column":46}},"1":{"start":{"line":11,"column":25},"end":{"line":18,"column":3}},"2":{"start":{"line":12,"column":4},"end":{"line":17,"column":5}},"3":{"start":{"line":13,"column":6},"end":{"line":13,"column":31}},"4":{"start":{"line":14,"column":6},"end":{"line":14,"column":38}},"5":{"start":{"line":20,"column":2},"end":{"line":25,"column":4}},"6":{"start":{"line":28,"column":15},"end":{"line":28,"column":36}}},"fnMap":{"0":{"name":"WelcomeScreen","decl":{"start":{"line":8,"column":24},"end":{"line":8,"column":37}},"loc":{"start":{"line":8,"column":40},"end":{"line":26,"column":1}},"line":8},"1":{"name":"(anonymous_1)","decl":{"start":{"line":11,"column":25},"end":{"line":11,"column":26}},"loc":{"start":{"line":11,"column":37},"end":{"line":18,"column":3}},"line":11}},"branchMap":{},"s":{"0":0,"1":0,"2":0,"3":0,"4":0,"5":0,"6":0},"f":{"0":0,"1":0},"b":{}}
,"/Users/naqeeb/dev/personal/NomadCrew/nomad-crew-frontend/app/(tabs)-bkp/_layout.tsx": {"path":"/Users/naqeeb/dev/personal/NomadCrew/nomad-crew-frontend/app/(tabs)-bkp/_layout.tsx","statementMap":{"0":{"start":{"line":10,"column":20},"end":{"line":10,"column":30}},"1":{"start":{"line":11,"column":26},"end":{"line":11,"column":48}},"2":{"start":{"line":13,"column":2},"end":{"line":96,"column":4}},"3":{"start":{"line":15,"column":37},"end":{"line":82,"column":7}},"4":{"start":{"line":63,"column":10},"end":{"line":78,"column":11}},"5":{"start":{"line":65,"column":14},"end":{"line":65,"column":67}},"6":{"start":{"line":66,"column":14},"end":{"line":66,"column":20}},"7":{"start":{"line":68,"column":14},"end":{"line":68,"column":65}},"8":{"start":{"line":69,"column":14},"end":{"line":69,"column":20}},"9":{"start":{"line":71,"column":14},"end":{"line":71,"column":77}},"10":{"start":{"line":72,"column":14},"end":{"line":72,"column":20}},"11":{"start":{"line":74,"column":14},"end":{"line":74,"column":63}},"12":{"start":{"line":75,"column":14},"end":{"line":75,"column":20}},"13":{"start":{"line":77,"column":14},"end":{"line":77,"column":26}},"14":{"start":{"line":80,"column":10},"end":{"line":80,"column":77}}},"fnMap":{"0":{"name":"TabLayout","decl":{"start":{"line":9,"column":24},"end":{"line":9,"column":33}},"loc":{"start":{"line":9,"column":36},"end":{"line":97,"column":1}},"line":9},"1":{"name":"(anonymous_1)","decl":{"start":{"line":15,"column":21},"end":{"line":15,"column":22}},"loc":{"start":{"line":15,"column":37},"end":{"line":82,"column":7}},"line":15},"2":{"name":"(anonymous_2)","decl":{"start":{"line":60,"column":20},"end":{"line":60,"column":21}},"loc":{"start":{"line":60,"column":44},"end":{"line":81,"column":9}},"line":60}},"branchMap":{"0":{"loc":{"start":{"line":38,"column":25},"end":{"line":38,"column":54}},"type":"cond-expr","locations":[{"start":{"line":38,"column":49},"end":{"line":38,"column":50}},{"start":{"line":38,"column":53},"end":{"line":38,"column":54}}],"line":38},"1":{"loc":{"start":{"line":63,"column":10},"end":{"line":78,"column":11}},"type":"switch","locations":[{"start":{"line":64,"column":12},"end":{"line":66,"column":20}},{"start":{"line":67,"column":12},"end":{"line":69,"column":20}},{"start":{"line":70,"column":12},"end":{"line":72,"column":20}},{"start":{"line":73,"column":12},"end":{"line":75,"column":20}},{"start":{"line":76,"column":12},"end":{"line":77,"column":26}}],"line":63},"2":{"loc":{"start":{"line":65,"column":25},"end":{"line":65,"column":66}},"type":"cond-expr","locations":[{"start":{"line":65,"column":35},"end":{"line":65,"column":45}},{"start":{"line":65,"column":48},"end":{"line":65,"column":66}}],"line":65},"3":{"loc":{"start":{"line":68,"column":25},"end":{"line":68,"column":64}},"type":"cond-expr","locations":[{"start":{"line":68,"column":35},"end":{"line":68,"column":44}},{"start":{"line":68,"column":47},"end":{"line":68,"column":64}}],"line":68},"4":{"loc":{"start":{"line":71,"column":25},"end":{"line":71,"column":76}},"type":"cond-expr","locations":[{"start":{"line":71,"column":35},"end":{"line":71,"column":50}},{"start":{"line":71,"column":53},"end":{"line":71,"column":76}}],"line":71},"5":{"loc":{"start":{"line":74,"column":25},"end":{"line":74,"column":62}},"type":"cond-expr","locations":[{"start":{"line":74,"column":35},"end":{"line":74,"column":43}},{"start":{"line":74,"column":46},"end":{"line":74,"column":62}}],"line":74},"6":{"loc":{"start":{"line":91,"column":23},"end":{"line":91,"column":64}},"type":"cond-expr","locations":[{"start":{"line":91,"column":41},"end":{"line":91,"column":52}},{"start":{"line":91,"column":55},"end":{"line":91,"column":64}}],"line":91}},"s":{"0":0,"1":0,"2":0,"3":0,"4":0,"5":0,"6":0,"7":0,"8":0,"9":0,"10":0,"11":0,"12":0,"13":0,"14":0},"f":{"0":0,"1":0,"2":0},"b":{"0":[0,0],"1":[0,0,0,0,0],"2":[0,0],"3":[0,0],"4":[0,0],"5":[0,0],"6":[0,0]}}
,"/Users/naqeeb/dev/personal/NomadCrew/nomad-crew-frontend/app/(tabs)-bkp/explore.tsx": {"path":"/Users/naqeeb/dev/personal/NomadCrew/nomad-crew-frontend/app/(tabs)-bkp/explore.tsx","statementMap":{"0":{"start":{"line":12,"column":20},"end":{"line":12,"column":30}},"1":{"start":{"line":14,"column":2},"end":{"line":88,"column":4}},"2":{"start":{"line":91,"column":15},"end":{"line":103,"column":2}}},"fnMap":{"0":{"name":"TabTwoScreen","decl":{"start":{"line":11,"column":24},"end":{"line":11,"column":36}},"loc":{"start":{"line":11,"column":39},"end":{"line":89,"column":1}},"line":11}},"branchMap":{},"s":{"0":0,"1":0,"2":0},"f":{"0":0},"b":{}}
,"/Users/naqeeb/dev/personal/NomadCrew/nomad-crew-frontend/app/(tabs)-bkp/index.tsx": {"path":"/Users/naqeeb/dev/personal/NomadCrew/nomad-crew-frontend/app/(tabs)-bkp/index.tsx","statementMap":{"0":{"start":{"line":4,"column":2},"end":{"line":4,"column":43}}},"fnMap":{"0":{"name":"TabIndex","decl":{"start":{"line":3,"column":24},"end":{"line":3,"column":32}},"loc":{"start":{"line":3,"column":35},"end":{"line":5,"column":1}},"line":3}},"branchMap":{},"s":{"0":0},"f":{"0":0},"b":{}}
,"/Users/naqeeb/dev/personal/NomadCrew/nomad-crew-frontend/app/(tabs)-bkp/notifications.tsx": {"path":"/Users/naqeeb/dev/personal/NomadCrew/nomad-crew-frontend/app/(tabs)-bkp/notifications.tsx","statementMap":{"0":{"start":{"line":10,"column":16},"end":{"line":10,"column":26}},"1":{"start":{"line":11,"column":17},"end":{"line":11,"column":36}},"2":{"start":{"line":13,"column":2},"end":{"line":24,"column":4}},"3":{"start":{"line":27,"column":15},"end":{"line":40,"column":2}}},"fnMap":{"0":{"name":"NotificationsTabScreen","decl":{"start":{"line":9,"column":24},"end":{"line":9,"column":46}},"loc":{"start":{"line":9,"column":49},"end":{"line":25,"column":1}},"line":9}},"branchMap":{"0":{"loc":{"start":{"line":15,"column":24},"end":{"line":15,"column":53}},"type":"cond-expr","locations":[{"start":{"line":15,"column":37},"end":{"line":15,"column":44}},{"start":{"line":15,"column":47},"end":{"line":15,"column":53}}],"line":15}},"s":{"0":0,"1":0,"2":0,"3":0},"f":{"0":0},"b":{"0":[0,0]}}
,"/Users/naqeeb/dev/personal/NomadCrew/nomad-crew-frontend/app/(tabs)-bkp/profile.tsx": {"path":"/Users/naqeeb/dev/personal/NomadCrew/nomad-crew-frontend/app/(tabs)-bkp/profile.tsx","statementMap":{"0":{"start":{"line":21,"column":45},"end":{"line":21,"column":55}},"1":{"start":{"line":22,"column":17},"end":{"line":22,"column":36}},"2":{"start":{"line":23,"column":17},"end":{"line":23,"column":33}},"3":{"start":{"line":24,"column":27},"end":{"line":24,"column":41}},"4":{"start":{"line":27,"column":22},"end":{"line":33,"column":13}},"5":{"start":{"line":36,"column":22},"end":{"line":49,"column":8}},"6":{"start":{"line":51,"column":23},"end":{"line":57,"column":3}},"7":{"start":{"line":52,"column":4},"end":{"line":56,"column":5}},"8":{"start":{"line":53,"column":6},"end":{"line":53,"column":21}},"9":{"start":{"line":55,"column":6},"end":{"line":55,"column":89}},"10":{"start":{"line":59,"column":28},"end":{"line":61,"column":3}},"11":{"start":{"line":60,"column":4},"end":{"line":60,"column":70}},"12":{"start":{"line":63,"column":2},"end":{"line":123,"column":4}},"13":{"start":{"line":104,"column":27},"end":{"line":104,"column":65}},"14":{"start":{"line":126,"column":25},"end":{"line":192,"column":1}},"15":{"start":{"line":147,"column":20},"end":{"line":147,"column":30}},"16":{"start":{"line":148,"column":17},"end":{"line":148,"column":33}},"17":{"start":{"line":150,"column":44},"end":{"line":150,"column":59}},"18":{"start":{"line":152,"column":28},"end":{"line":158,"column":3}},"19":{"start":{"line":153,"column":4},"end":{"line":157,"column":5}},"20":{"start":{"line":154,"column":6},"end":{"line":154,"column":30}},"21":{"start":{"line":156,"column":6},"end":{"line":156,"column":33}},"22":{"start":{"line":160,"column":22},"end":{"line":160,"column":65}},"23":{"start":{"line":162,"column":2},"end":{"line":191,"column":4}},"24":{"start":{"line":194,"column":18},"end":{"line":255,"column":4}},"25":{"start":{"line":195,"column":2},"end":{"line":255,"column":4}}},"fnMap":{"0":{"name":"ProfileScreen","decl":{"start":{"line":20,"column":24},"end":{"line":20,"column":37}},"loc":{"start":{"line":20,"column":40},"end":{"line":124,"column":1}},"line":20},"1":{"name":"(anonymous_1)","decl":{"start":{"line":51,"column":23},"end":{"line":51,"column":24}},"loc":{"start":{"line":51,"column":35},"end":{"line":57,"column":3}},"line":51},"2":{"name":"(anonymous_2)","decl":{"start":{"line":59,"column":28},"end":{"line":59,"column":29}},"loc":{"start":{"line":59,"column":34},"end":{"line":61,"column":3}},"line":59},"3":{"name":"(anonymous_3)","decl":{"start":{"line":104,"column":21},"end":{"line":104,"column":22}},"loc":{"start":{"line":104,"column":27},"end":{"line":104,"column":65}},"line":104},"4":{"name":"(anonymous_4)","decl":{"start":{"line":126,"column":25},"end":{"line":126,"column":26}},"loc":{"start":{"line":146,"column":6},"end":{"line":192,"column":1}},"line":146},"5":{"name":"(anonymous_5)","decl":{"start":{"line":152,"column":28},"end":{"line":152,"column":29}},"loc":{"start":{"line":152,"column":51},"end":{"line":158,"column":3}},"line":152},"6":{"name":"(anonymous_6)","decl":{"start":{"line":194,"column":18},"end":{"line":194,"column":19}},"loc":{"start":{"line":195,"column":2},"end":{"line":255,"column":4}},"line":195}},"branchMap":{"0":{"loc":{"start":{"line":27,"column":22},"end":{"line":33,"column":13}},"type":"cond-expr","locations":[{"start":{"line":28,"column":7},"end":{"line":32,"column":15}},{"start":{"line":33,"column":6},"end":{"line":33,"column":13}}],"line":27},"1":{"loc":{"start":{"line":28,"column":7},"end":{"line":32,"column":15}},"type":"binary-expr","locations":[{"start":{"line":28,"column":7},"end":{"line":28,"column":21}},{"start":{"line":29,"column":8},"end":{"line":29,"column":46}},{"start":{"line":30,"column":8},"end":{"line":30,"column":41}},{"start":{"line":31,"column":8},"end":{"line":31,"column":21}},{"start":{"line":32,"column":8},"end":{"line":32,"column":15}}],"line":28},"2":{"loc":{"start":{"line":36,"column":22},"end":{"line":49,"column":8}},"type":"cond-expr","locations":[{"start":{"line":37,"column":6},"end":{"line":48,"column":7}},{"start":{"line":49,"column":6},"end":{"line":49,"column":8}}],"line":36},"3":{"loc":{"start":{"line":39,"column":10},"end":{"line":39,"column":103}},"type":"binary-expr","locations":[{"start":{"line":39,"column":10},"end":{"line":39,"column":24}},{"start":{"line":39,"column":28},"end":{"line":39,"column":61}},{"start":{"line":39,"column":65},"end":{"line":39,"column":103}}],"line":39},"4":{"loc":{"start":{"line":42,"column":10},"end":{"line":44,"column":46}},"type":"binary-expr","locations":[{"start":{"line":42,"column":10},"end":{"line":42,"column":29}},{"start":{"line":43,"column":10},"end":{"line":43,"column":49}},{"start":{"line":44,"column":10},"end":{"line":44,"column":46}}],"line":42},"5":{"loc":{"start":{"line":90,"column":18},"end":{"line":90,"column":52}},"type":"binary-expr","locations":[{"start":{"line":90,"column":18},"end":{"line":90,"column":29}},{"start":{"line":90,"column":33},"end":{"line":90,"column":52}}],"line":90},"6":{"loc":{"start":{"line":115,"column":18},"end":{"line":115,"column":62}},"type":"cond-expr","locations":[{"start":{"line":115,"column":36},"end":{"line":115,"column":47}},{"start":{"line":115,"column":50},"end":{"line":115,"column":62}}],"line":115},"7":{"loc":{"start":{"line":130,"column":2},"end":{"line":130,"column":16}},"type":"default-arg","locations":[{"start":{"line":130,"column":11},"end":{"line":130,"column":16}}],"line":130},"8":{"loc":{"start":{"line":131,"column":2},"end":{"line":131,"column":18}},"type":"default-arg","locations":[{"start":{"line":131,"column":13},"end":{"line":131,"column":18}}],"line":131},"9":{"loc":{"start":{"line":132,"column":2},"end":{"line":132,"column":20}},"type":"default-arg","locations":[{"start":{"line":132,"column":15},"end":{"line":132,"column":20}}],"line":132},"10":{"loc":{"start":{"line":133,"column":2},"end":{"line":133,"column":19}},"type":"default-arg","locations":[{"start":{"line":133,"column":14},"end":{"line":133,"column":19}}],"line":133},"11":{"loc":{"start":{"line":153,"column":4},"end":{"line":157,"column":5}},"type":"if","locations":[{"start":{"line":153,"column":4},"end":{"line":157,"column":5}},{"start":{"line":155,"column":11},"end":{"line":157,"column":5}}],"line":153},"12":{"loc":{"start":{"line":160,"column":22},"end":{"line":160,"column":65}},"type":"cond-expr","locations":[{"start":{"line":160,"column":44},"end":{"line":160,"column":49}},{"start":{"line":160,"column":52},"end":{"line":160,"column":65}}],"line":160},"13":{"loc":{"start":{"line":163,"column":41},"end":{"line":163,"column":74}},"type":"binary-expr","locations":[{"start":{"line":163,"column":41},"end":{"line":163,"column":48}},{"start":{"line":163,"column":52},"end":{"line":163,"column":74}}],"line":163},"14":{"loc":{"start":{"line":170,"column":45},"end":{"line":170,"column":74}},"type":"binary-expr","locations":[{"start":{"line":170,"column":45},"end":{"line":170,"column":53}},{"start":{"line":170,"column":57},"end":{"line":170,"column":74}}],"line":170},"15":{"loc":{"start":{"line":171,"column":7},"end":{"line":177,"column":7}},"type":"binary-expr","locations":[{"start":{"line":171,"column":7},"end":{"line":171,"column":17}},{"start":{"line":172,"column":8},"end":{"line":176,"column":10}}],"line":171},"16":{"loc":{"start":{"line":178,"column":7},"end":{"line":189,"column":7}},"type":"binary-expr","locations":[{"start":{"line":178,"column":7},"end":{"line":178,"column":16}},{"start":{"line":179,"column":8},"end":{"line":188,"column":10}}],"line":178}},"s":{"0":0,"1":0,"2":0,"3":0,"4":0,"5":0,"6":0,"7":0,"8":0,"9":0,"10":0,"11":0,"12":0,"13":0,"14":0,"15":0,"16":0,"17":0,"18":0,"19":0,"20":0,"21":0,"22":0,"23":0,"24":0,"25":0},"f":{"0":0,"1":0,"2":0,"3":0,"4":0,"5":0,"6":0},"b":{"0":[0,0],"1":[0,0,0,0,0],"2":[0,0],"3":[0,0,0],"4":[0,0,0],"5":[0,0],"6":[0,0],"7":[0],"8":[0],"9":[0],"10":[0],"11":[0,0],"12":[0,0],"13":[0,0],"14":[0,0],"15":[0,0],"16":[0,0]}}
,"/Users/naqeeb/dev/personal/NomadCrew/nomad-crew-frontend/app/(tabs)-bkp/trips.tsx": {"path":"/Users/naqeeb/dev/personal/NomadCrew/nomad-crew-frontend/app/(tabs)-bkp/trips.tsx","statementMap":{"0":{"start":{"line":33,"column":36},"end":{"line":33,"column":90}},"1":{"start":{"line":34,"column":46},"end":{"line":34,"column":61}},"2":{"start":{"line":35,"column":40},"end":{"line":35,"column":52}},"3":{"start":{"line":36,"column":20},"end":{"line":36,"column":30}},"4":{"start":{"line":37,"column":22},"end":{"line":37,"column":52}},"5":{"start":{"line":38,"column":35},"end":{"line":38,"column":49}},"6":{"start":{"line":40,"column":17},"end":{"line":40,"column":28}},"7":{"start":{"line":42,"column":22},"end":{"line":42,"column":60}},"8":{"start":{"line":45,"column":56},"end":{"line":45,"column":71}},"9":{"start":{"line":48,"column":67},"end":{"line":48,"column":81}},"10":{"start":{"line":50,"column":42},"end":{"line":50,"column":57}},"11":{"start":{"line":53,"column":2},"end":{"line":57,"column":41}},"12":{"start":{"line":54,"column":4},"end":{"line":56,"column":5}},"13":{"start":{"line":55,"column":6},"end":{"line":55,"column":19}},"14":{"start":{"line":60,"column":23},"end":{"line":71,"column":3}},"15":{"start":{"line":61,"column":4},"end":{"line":70,"column":7}},"16":{"start":{"line":66,"column":6},"end":{"line":66,"column":41}},"17":{"start":{"line":67,"column":6},"end":{"line":69,"column":7}},"18":{"start":{"line":68,"column":8},"end":{"line":68,"column":27}},"19":{"start":{"line":74,"column":24},"end":{"line":123,"column":37}},"20":{"start":{"line":75,"column":19},"end":{"line":75,"column":29}},"21":{"start":{"line":76,"column":4},"end":{"line":85,"column":7}},"22":{"start":{"line":77,"column":29},"end":{"line":77,"column":55}},"23":{"start":{"line":78,"column":6},"end":{"line":80,"column":7}},"24":{"start":{"line":79,"column":8},"end":{"line":79,"column":38}},"25":{"start":{"line":81,"column":6},"end":{"line":84,"column":8}},"26":{"start":{"line":88,"column":4},"end":{"line":94,"column":5}},"27":{"start":{"line":89,"column":20},"end":{"line":89,"column":45}},"28":{"start":{"line":90,"column":6},"end":{"line":93,"column":8}},"29":{"start":{"line":91,"column":8},"end":{"line":92,"column":64}},"30":{"start":{"line":97,"column":4},"end":{"line":100,"column":8}},"31":{"start":{"line":97,"column":37},"end":{"line":100,"column":5}},"32":{"start":{"line":102,"column":16},"end":{"line":102,"column":26}},"33":{"start":{"line":105,"column":4},"end":{"line":122,"column":5}},"34":{"start":{"line":107,"column":8},"end":{"line":111,"column":11}},"35":{"start":{"line":108,"column":26},"end":{"line":108,"column":48}},"36":{"start":{"line":109,"column":10},"end":{"line":110,"column":32}},"37":{"start":{"line":113,"column":8},"end":{"line":117,"column":11}},"38":{"start":{"line":114,"column":26},"end":{"line":114,"column":48}},"39":{"start":{"line":115,"column":10},"end":{"line":116,"column":31}},"40":{"start":{"line":119,"column":8},"end":{"line":119,"column":70}},"41":{"start":{"line":119,"column":41},"end":{"line":119,"column":68}},"42":{"start":{"line":121,"column":8},"end":{"line":121,"column":24}},"43":{"start":{"line":125,"column":26},"end":{"line":130,"column":3}},"44":{"start":{"line":126,"column":4},"end":{"line":129,"column":7}},"45":{"start":{"line":132,"column":24},"end":{"line":141,"column":18}},"46":{"start":{"line":133,"column":4},"end":{"line":133,"column":26}},"47":{"start":{"line":134,"column":4},"end":{"line":140,"column":5}},"48":{"start":{"line":135,"column":6},"end":{"line":135,"column":25}},"49":{"start":{"line":139,"column":6},"end":{"line":139,"column":29}},"50":{"start":{"line":143,"column":27},"end":{"line":145,"column":3}},"51":{"start":{"line":144,"column":4},"end":{"line":144,"column":32}},"52":{"start":{"line":147,"column":27},"end":{"line":149,"column":3}},"53":{"start":{"line":148,"column":4},"end":{"line":148,"column":33}},"54":{"start":{"line":151,"column":27},"end":{"line":169,"column":3}},"55":{"start":{"line":152,"column":4},"end":{"line":168,"column":5}},"56":{"start":{"line":153,"column":6},"end":{"line":163,"column":9}},"57":{"start":{"line":164,"column":6},"end":{"line":164,"column":35}},"58":{"start":{"line":171,"column":2},"end":{"line":291,"column":4}},"59":{"start":{"line":189,"column":18},"end":{"line":191,"column":19}},"60":{"start":{"line":190,"column":20},"end":{"line":190,"column":35}},"61":{"start":{"line":210,"column":10},"end":{"line":226,"column":29}},"62":{"start":{"line":212,"column":27},"end":{"line":212,"column":82}},"63":{"start":{"line":283,"column":32},"end":{"line":286,"column":9}},"64":{"start":{"line":294,"column":15},"end":{"line":394,"column":4}},"65":{"start":{"line":295,"column":2},"end":{"line":394,"column":4}}},"fnMap":{"0":{"name":"TripsScreen","decl":{"start":{"line":32,"column":24},"end":{"line":32,"column":35}},"loc":{"start":{"line":32,"column":38},"end":{"line":292,"column":1}},"line":32},"1":{"name":"(anonymous_1)","decl":{"start":{"line":53,"column":12},"end":{"line":53,"column":13}},"loc":{"start":{"line":53,"column":18},"end":{"line":57,"column":3}},"line":53},"2":{"name":"(anonymous_2)","decl":{"start":{"line":60,"column":23},"end":{"line":60,"column":24}},"loc":{"start":{"line":60,"column":29},"end":{"line":71,"column":3}},"line":60},"3":{"name":"(anonymous_3)","decl":{"start":{"line":65,"column":13},"end":{"line":65,"column":14}},"loc":{"start":{"line":65,"column":19},"end":{"line":70,"column":5}},"line":65},"4":{"name":"(anonymous_4)","decl":{"start":{"line":74,"column":38},"end":{"line":74,"column":39}},"loc":{"start":{"line":74,"column":44},"end":{"line":123,"column":3}},"line":74},"5":{"name":"(anonymous_5)","decl":{"start":{"line":76,"column":28},"end":{"line":76,"column":29}},"loc":{"start":{"line":76,"column":36},"end":{"line":85,"column":5}},"line":76},"6":{"name":"(anonymous_6)","decl":{"start":{"line":90,"column":33},"end":{"line":90,"column":34}},"loc":{"start":{"line":91,"column":8},"end":{"line":92,"column":64}},"line":91},"7":{"name":"(anonymous_7)","decl":{"start":{"line":97,"column":28},"end":{"line":97,"column":29}},"loc":{"start":{"line":97,"column":37},"end":{"line":100,"column":5}},"line":97},"8":{"name":"(anonymous_8)","decl":{"start":{"line":107,"column":31},"end":{"line":107,"column":32}},"loc":{"start":{"line":107,"column":41},"end":{"line":111,"column":9}},"line":107},"9":{"name":"(anonymous_9)","decl":{"start":{"line":113,"column":31},"end":{"line":113,"column":32}},"loc":{"start":{"line":113,"column":41},"end":{"line":117,"column":9}},"line":113},"10":{"name":"(anonymous_10)","decl":{"start":{"line":119,"column":31},"end":{"line":119,"column":32}},"loc":{"start":{"line":119,"column":41},"end":{"line":119,"column":68}},"line":119},"11":{"name":"(anonymous_11)","decl":{"start":{"line":125,"column":26},"end":{"line":125,"column":27}},"loc":{"start":{"line":125,"column":42},"end":{"line":130,"column":3}},"line":125},"12":{"name":"(anonymous_12)","decl":{"start":{"line":132,"column":36},"end":{"line":132,"column":37}},"loc":{"start":{"line":132,"column":48},"end":{"line":141,"column":3}},"line":132},"13":{"name":"(anonymous_13)","decl":{"start":{"line":143,"column":27},"end":{"line":143,"column":28}},"loc":{"start":{"line":143,"column":33},"end":{"line":145,"column":3}},"line":143},"14":{"name":"(anonymous_14)","decl":{"start":{"line":147,"column":27},"end":{"line":147,"column":28}},"loc":{"start":{"line":147,"column":33},"end":{"line":149,"column":3}},"line":147},"15":{"name":"(anonymous_15)","decl":{"start":{"line":151,"column":27},"end":{"line":151,"column":28}},"loc":{"start":{"line":151,"column":53},"end":{"line":169,"column":3}},"line":151},"16":{"name":"(anonymous_16)","decl":{"start":{"line":188,"column":24},"end":{"line":188,"column":25}},"loc":{"start":{"line":188,"column":30},"end":{"line":192,"column":17}},"line":188},"17":{"name":"(anonymous_17)","decl":{"start":{"line":209,"column":48},"end":{"line":209,"column":49}},"loc":{"start":{"line":210,"column":10},"end":{"line":226,"column":29}},"line":210},"18":{"name":"(anonymous_18)","decl":{"start":{"line":212,"column":21},"end":{"line":212,"column":22}},"loc":{"start":{"line":212,"column":27},"end":{"line":212,"column":82}},"line":212},"19":{"name":"(anonymous_19)","decl":{"start":{"line":283,"column":15},"end":{"line":283,"column":16}},"loc":{"start":{"line":283,"column":32},"end":{"line":286,"column":9}},"line":283},"20":{"name":"(anonymous_20)","decl":{"start":{"line":294,"column":15},"end":{"line":294,"column":16}},"loc":{"start":{"line":295,"column":2},"end":{"line":394,"column":4}},"line":295}},"branchMap":{"0":{"loc":{"start":{"line":54,"column":4},"end":{"line":56,"column":5}},"type":"if","locations":[{"start":{"line":54,"column":4},"end":{"line":56,"column":5}},{"start":{},"end":{}}],"line":54},"1":{"loc":{"start":{"line":54,"column":8},"end":{"line":54,"column":30}},"type":"binary-expr","locations":[{"start":{"line":54,"column":8},"end":{"line":54,"column":21}},{"start":{"line":54,"column":25},"end":{"line":54,"column":30}}],"line":54},"2":{"loc":{"start":{"line":62,"column":15},"end":{"line":62,"column":54}},"type":"cond-expr","locations":[{"start":{"line":62,"column":32},"end":{"line":62,"column":34}},{"start":{"line":62,"column":37},"end":{"line":62,"column":54}}],"line":62},"3":{"loc":{"start":{"line":67,"column":6},"end":{"line":69,"column":7}},"type":"if","locations":[{"start":{"line":67,"column":6},"end":{"line":69,"column":7}},{"start":{},"end":{}}],"line":67},"4":{"loc":{"start":{"line":78,"column":6},"end":{"line":80,"column":7}},"type":"if","locations":[{"start":{"line":78,"column":6},"end":{"line":80,"column":7}},{"start":{},"end":{}}],"line":78},"5":{"loc":{"start":{"line":88,"column":4},"end":{"line":94,"column":5}},"type":"if","locations":[{"start":{"line":88,"column":4},"end":{"line":94,"column":5}},{"start":{},"end":{}}],"line":88},"6":{"loc":{"start":{"line":91,"column":8},"end":{"line":92,"column":64}},"type":"binary-expr","locations":[{"start":{"line":91,"column":8},"end":{"line":91,"column":47}},{"start":{"line":92,"column":8},"end":{"line":92,"column":64}}],"line":91},"7":{"loc":{"start":{"line":105,"column":4},"end":{"line":122,"column":5}},"type":"switch","locations":[{"start":{"line":106,"column
[...]
t":{"line":544,"column":22},"end":{"line":549,"column":7}},"155":{"start":{"line":551,"column":6},"end":{"line":551,"column":90}},"156":{"start":{"line":552,"column":6},"end":{"line":552,"column":79}},"157":{"start":{"line":554,"column":21},"end":{"line":554,"column":50}},"158":{"start":{"line":555,"column":6},"end":{"line":555,"column":83}},"159":{"start":{"line":557,"column":6},"end":{"line":557,"column":20}},"160":{"start":{"line":559,"column":6},"end":{"line":559,"column":58}},"161":{"start":{"line":560,"column":6},"end":{"line":560,"column":19}},"162":{"start":{"line":566,"column":17},"end":{"line":566,"column":45}},"163":{"start":{"line":567,"column":4},"end":{"line":570,"column":5}},"164":{"start":{"line":568,"column":6},"end":{"line":568,"column":73}},"165":{"start":{"line":569,"column":6},"end":{"line":569,"column":19}},"166":{"start":{"line":572,"column":27},"end":{"line":582,"column":5}},"167":{"start":{"line":584,"column":4},"end":{"line":584,"column":58}},"168":{"start":{"line":589,"column":17},"end":{"line":589,"column":45}},"169":{"start":{"line":590,"column":4},"end":{"line":593,"column":5}},"170":{"start":{"line":591,"column":6},"end":{"line":591,"column":74}},"171":{"start":{"line":592,"column":6},"end":{"line":592,"column":19}},"172":{"start":{"line":595,"column":26},"end":{"line":600,"column":5}},"173":{"start":{"line":602,"column":4},"end":{"line":602,"column":53}},"174":{"start":{"line":606,"column":22},"end":{"line":606,"column":61}},"175":{"start":{"line":607,"column":4},"end":{"line":607,"column":86}},"176":{"start":{"line":608,"column":4},"end":{"line":608,"column":21}},"177":{"start":{"line":612,"column":4},"end":{"line":612,"column":90}},"178":{"start":{"line":614,"column":4},"end":{"line":617,"column":5}},"179":{"start":{"line":615,"column":6},"end":{"line":615,"column":77}},"180":{"start":{"line":616,"column":6},"end":{"line":616,"column":19}},"181":{"start":{"line":619,"column":4},"end":{"line":639,"column":5}},"182":{"start":{"line":620,"column":23},"end":{"line":620,"column":46}},"183":{"start":{"line":621,"column":6},"end":{"line":624,"column":7}},"184":{"start":{"line":622,"column":8},"end":{"line":622,"column":78}},"185":{"start":{"line":623,"column":8},"end":{"line":623,"column":21}},"186":{"start":{"line":626,"column":22},"end":{"line":633,"column":7}},"187":{"start":{"line":635,"column":6},"end":{"line":635,"column":48}},"188":{"start":{"line":637,"column":6},"end":{"line":637,"column":63}},"189":{"start":{"line":638,"column":6},"end":{"line":638,"column":19}},"190":{"start":{"line":643,"column":25},"end":{"line":643,"column":55}}},"fnMap":{"0":{"name":"(anonymous_0)","decl":{"start":{"line":27,"column":2},"end":{"line":27,"column":3}},"loc":{"start":{"line":27,"column":24},"end":{"line":29,"column":3}},"line":27},"1":{"name":"(anonymous_1)","decl":{"start":{"line":31,"column":2},"end":{"line":31,"column":3}},"loc":{"start":{"line":31,"column":48},"end":{"line":36,"column":3}},"line":31},"2":{"name":"(anonymous_2)","decl":{"start":{"line":38,"column":2},"end":{"line":38,"column":3}},"loc":{"start":{"line":38,"column":81},"end":{"line":45,"column":3}},"line":38},"3":{"name":"(anonymous_3)","decl":{"start":{"line":47,"column":2},"end":{"line":47,"column":3}},"loc":{"start":{"line":47,"column":87},"end":{"line":153,"column":3}},"line":47},"4":{"name":"(anonymous_4)","decl":{"start":{"line":79,"column":19},"end":{"line":79,"column":20}},"loc":{"start":{"line":79,"column":41},"end":{"line":124,"column":9}},"line":79},"5":{"name":"(anonymous_5)","decl":{"start":{"line":125,"column":17},"end":{"line":125,"column":18}},"loc":{"start":{"line":125,"column":28},"end":{"line":132,"column":9}},"line":125},"6":{"name":"(anonymous_6)","decl":{"start":{"line":129,"column":20},"end":{"line":129,"column":21}},"loc":{"start":{"line":129,"column":26},"end":{"line":129,"column":59}},"line":129},"7":{"name":"(anonymous_7)","decl":{"start":{"line":130,"column":21},"end":{"line":130,"column":22}},"loc":{"start":{"line":130,"column":30},"end":{"line":130,"column":78}},"line":130},"8":{"name":"(anonymous_8)","decl":{"start":{"line":155,"column":2},"end":{"line":155,"column":3}},"loc":{"start":{"line":155,"column":72},"end":{"line":190,"column":3}},"line":155},"9":{"name":"(anonymous_9)","decl":{"start":{"line":192,"column":2},"end":{"line":192,"column":3}},"loc":{"start":{"line":192,"column":52},"end":{"line":460,"column":3}},"line":192},"10":{"name":"(anonymous_10)","decl":{"start":{"line":462,"column":2},"end":{"line":462,"column":3}},"loc":{"start":{"line":462,"column":102},"end":{"line":478,"column":3}},"line":462},"11":{"name":"(anonymous_11)","decl":{"start":{"line":472,"column":24},"end":{"line":472,"column":25}},"loc":{"start":{"line":472,"column":35},"end":{"line":472,"column":61}},"line":472},"12":{"name":"(anonymous_12)","decl":{"start":{"line":480,"column":2},"end":{"line":480,"column":3}},"loc":{"start":{"line":480,"column":90},"end":{"line":484,"column":3}},"line":480},"13":{"name":"(anonymous_13)","decl":{"start":{"line":482,"column":22},"end":{"line":482,"column":23}},"loc":{"start":{"line":482,"column":33},"end":{"line":482,"column":58}},"line":482},"14":{"name":"(anonymous_14)","decl":{"start":{"line":486,"column":2},"end":{"line":486,"column":3}},"loc":{"start":{"line":486,"column":28},"end":{"line":499,"column":3}},"line":486},"15":{"name":"(anonymous_15)","decl":{"start":{"line":504,"column":2},"end":{"line":504,"column":3}},"loc":{"start":{"line":504,"column":37},"end":{"line":508,"column":3}},"line":504},"16":{"name":"(anonymous_16)","decl":{"start":{"line":513,"column":2},"end":{"line":513,"column":3}},"loc":{"start":{"line":513,"column":38},"end":{"line":517,"column":3}},"line":513},"17":{"name":"(anonymous_17)","decl":{"start":{"line":519,"column":2},"end":{"line":519,"column":3}},"loc":{"start":{"line":519,"column":71},"end":{"line":562,"column":3}},"line":519},"18":{"name":"(anonymous_18)","decl":{"start":{"line":565,"column":2},"end":{"line":565,"column":3}},"loc":{"start":{"line":565,"column":86},"end":{"line":585,"column":3}},"line":565},"19":{"name":"(anonymous_19)","decl":{"start":{"line":588,"column":2},"end":{"line":588,"column":3}},"loc":{"start":{"line":588,"column":70},"end":{"line":603,"column":3}},"line":588},"20":{"name":"(anonymous_20)","decl":{"start":{"line":605,"column":2},"end":{"line":605,"column":3}},"loc":{"start":{"line":605,"column":32},"end":{"line":609,"column":3}},"line":605},"21":{"name":"(anonymous_21)","decl":{"start":{"line":611,"column":2},"end":{"line":611,"column":3}},"loc":{"start":{"line":611,"column":69},"end":{"line":640,"column":3}},"line":611}},"branchMap":{"0":{"loc":{"start":{"line":32,"column":4},"end":{"line":34,"column":5}},"type":"if","locations":[{"start":{"line":32,"column":4},"end":{"line":34,"column":5}},{"start":{},"end":{}}],"line":32},"1":{"loc":{"start":{"line":50,"column":6},"end":{"line":52,"column":7}},"type":"if","locations":[{"start":{"line":50,"column":6},"end":{"line":52,"column":7}},{"start":{},"end":{}}],"line":50},"2":{"loc":{"start":{"line":50,"column":10},"end":{"line":50,"column":29}},"type":"binary-expr","locations":[{"start":{"line":50,"column":10},"end":{"line":50,"column":16}},{"start":{"line":50,"column":20},"end":{"line":50,"column":29}}],"line":50},"3":{"loc":{"start":{"line":55,"column":6},"end":{"line":58,"column":7}},"type":"if","locations":[{"start":{"line":55,"column":6},"end":{"line":58,"column":7}},{"start":{},"end":{}}],"line":55},"4":{"loc":{"start":{"line":55,"column":10},"end":{"line":55,"column":73}},"type":"binary-expr","locations":[{"start":{"line":55,"column":10},"end":{"line":55,"column":39}},{"start":{"line":55,"column":43},"end":{"line":55,"column":73}}],"line":55},"5":{"loc":{"start":{"line":56,"column":40},"end":{"line":56,"column":55}},"type":"binary-expr","locations":[{"start":{"line":56,"column":40},"end":{"line":56,"column":49}},{"start":{"line":56,"column":53},"end":{"line":56,"column":55}}],"line":56},"6":{"loc":{"start":{"line":65,"column":6},"end":{"line":69,"column":7}},"type":"if","locations":[{"start":{"line":65,"column":6},"end":{"line":69,"column":7}},{"start":{},"end":{}}],"line":65},"7":{"loc":{"start":{"line":72,"column":6},"end":{"line":74,"column":7}},"type":"if","locations":[{"start":{"line":72,"column":6},"end":{"line":74,"column":7}},{"start":{},"end":{}}],"line":72},"8":{"loc":{"start":{"line":91,"column":10},"end":{"line":101,"column":11}},"type":"if","locations":[{"start":{"line":91,"column":10},"end":{"line":101,"column":11}},{"start":{},"end":{}}],"line":91},"9":{"loc":{"start":{"line":104,"column":10},"end":{"line":123,"column":11}},"type":"if","locations":[{"start":{"line":104,"column":10},"end":{"line":123,"column":11}},{"start":{"line":121,"column":17},"end":{"line":123,"column":11}}],"line":104},"10":{"loc":{"start":{"line":104,"column":14},"end":{"line":104,"column":86}},"type":"binary-expr","locations":[{"start":{"line":104,"column":14},"end":{"line":104,"column":44}},{"start":{"line":104,"column":48},"end":{"line":104,"column":67}},{"start":{"line":104,"column":71},"end":{"line":104,"column":86}}],"line":104},"11":{"loc":{"start":{"line":109,"column":14},"end":{"line":112,"column":15}},"type":"if","locations":[{"start":{"line":109,"column":14},"end":{"line":112,"column":15}},{"start":{},"end":{}}],"line":109},"12":{"loc":{"start":{"line":114,"column":14},"end":{"line":117,"column":15}},"type":"if","locations":[{"start":{"line":114,"column":14},"end":{"line":117,"column":15}},{"start":{},"end":{}}],"line":114},"13":{"loc":{"start":{"line":127,"column":10},"end":{"line":131,"column":11}},"type":"if","locations":[{"start":{"line":127,"column":10},"end":{"line":131,"column":11}},{"start":{},"end":{}}],"line":127},"14":{"loc":{"start":{"line":156,"column":4},"end":{"line":189,"column":5}},"type":"if","locations":[{"start":{"line":156,"column":4},"end":{"line":189,"column":5}},{"start":{"line":180,"column":11},"end":{"line":189,"column":5}}],"line":156},"15":{"loc":{"start":{"line":156,"column":8},"end":{"line":156,"column":58}},"type":"binary-expr","locations":[{"start":{"line":156,"column":8},"end":{"line":156,"column":41}},{"start":{"line":156,"column":45},"end":{"line":156,"column":58}}],"line":156},"16":{"loc":{"start":{"line":168,"column":6},"end":{"line":179,"column":7}},"type":"if","locations":[{"start":{"line":168,"column":6},"end":{"line":179,"column":7}},{"start":{},"end":{}}],"line":168},"17":{"loc":{"start":{"line":168,"column":10},"end":{"line":168,"column":28}},"type":"binary-expr","locations":[{"start":{"line":168,"column":10},"end":{"line":168,"column":16}},{"start":{"line":168,"column":20},"end":{"line":168,"column":28}}],"line":168},"18":{"loc":{"start":{"line":180,"column":11},"end":{"line":189,"column":5}},"type":"if","locations":[{"start":{"line":180,"column":11},"end":{"line":189,"column":5}},{"start":{},"end":{}}],"line":180},"19":{"loc":{"start":{"line":180,"column":15},"end":{"line":180,"column":73}},"type":"binary-expr","locations":[{"start":{"line":180,"column":15},"end":{"line":180,"column":56}},{"start":{"line":180,"column":60},"end":{"line":180,"column":73}}],"line":180},"20":{"loc":{"start":{"line":188,"column":43},"end":{"line":188,"column":84}},"type":"cond-expr","locations":[{"start":{"line":188,"column":62},"end":{"line":188,"column":71}},{"start":{"line":188,"column":74},"end":{"line":188,"column":84}}],"line":188},"21":{"loc":{"start":{"line":203,"column":4},"end":{"line":246,"column":5}},"type":"if","locations":[{"start":{"line":203,"column":4},"end":{"line":246,"column":5}},{"start":{},"end":{}}],"line":203},"22":{"loc":{"start":{"line":223,"column":18},"end":{"line":223,"column":49}},"type":"binary-expr","locations":[{"start":{"line":223,"column":18},"end":{"line":223,"column":30}},{"start":{"line":223,"column":34},"end":{"line":223,"column":49}}],"line":223},"23":{"loc":{"start":{"line":224,"column":21},"end":{"line":224,"column":57}},"type":"binary-expr","locations":[{"start":{"line":224,"column":21},"end":{"line":224,"column":36}},{"start":{"line":224,"column":40},"end":{"line":224,"column":57}}],"line":224},"24":{"loc":{"start":{"line":251,"column":4},"end":{"line":452,"column":5}},"type":"switch","locations":[{"start":{"line":252,"column":6},"end":{"line":290,"column":14}},{"start":{"line":292,"column":6},"end":{"line":312,"column":14}},{"start":{"line":314,"column":6},"end":{"line":332,"column":14}},{"start":{"line":334,"column":6},"end":{"line":360,"column":14}},{"start":{"line":362,"column":6},"end":{"line":388,"column":14}},{"start":{"line":390,"column":6},"end":{"line":422,"column":14}},{"start":{"line":424,"column":6},"end":{"line":446,"column":14}},{"start":{"line":448,"column":6},"end":{"line":451,"column":15}}],"line":251},"25":{"loc":{"start":{"line":406,"column":20},"end":{"line":406,"column":50}},"type":"binary-expr","locations":[{"start":{"line":406,"column":20},"end":{"line":406,"column":34}},{"start":{"line":406,"column":38},"end":{"line":406,"column":50}}],"line":406},"26":{"loc":{"start":{"line":407,"column":20},"end":{"line":407,"column":50}},"type":"binary-expr","locations":[{"start":{"line":407,"column":20},"end":{"line":407,"column":34}},{"start":{"line":407,"column":38},"end":{"line":407,"column":50}}],"line":407},"27":{"loc":{"start":{"line":416,"column":25},"end":{"line":416,"column":61}},"type":"binary-expr","locations":[{"start":{"line":416,"column":25},"end":{"line":416,"column":42}},{"start":{"line":416,"column":46},"end":{"line":416,"column":61}}],"line":416},"28":{"loc":{"start":{"line":465,"column":4},"end":{"line":474,"column":5}},"type":"if","locations":[{"start":{"line":465,"column":4},"end":{"line":474,"column":5}},{"start":{},"end":{}}],"line":465},"29":{"loc":{"start":{"line":487,"column":4},"end":{"line":490,"column":5}},"type":"if","locations":[{"start":{"line":487,"column":4},"end":{"line":490,"column":5}},{"start":{},"end":{}}],"line":487},"30":{"loc":{"start":{"line":492,"column":4},"end":{"line":496,"column":5}},"type":"if","locations":[{"start":{"line":492,"column":4},"end":{"line":496,"column":5}},{"start":{},"end":{}}],"line":492},"31":{"loc":{"start":{"line":505,"column":4},"end":{"line":507,"column":5}},"type":"if","locations":[{"start":{"line":505,"column":4},"end":{"line":507,"column":5}},{"start":{},"end":{}}],"line":505},"32":{"loc":{"start":{"line":514,"column":4},"end":{"line":516,"column":5}},"type":"if","locations":[{"start":{"line":514,"column":4},"end":{"line":516,"column":5}},{"start":{},"end":{}}],"line":514},"33":{"loc":{"start":{"line":522,"column":4},"end":{"line":525,"column":5}},"type":"if","locations":[{"start":{"line":522,"column":4},"end":{"line":525,"column":5}},{"start":{},"end":{}}],"line":522},"34":{"loc":{"start":{"line":527,"column":4},"end":{"line":530,"column":5}},"type":"if","locations":[{"start":{"line":527,"column":4},"end":{"line":530,"column":5}},{"start":{},"end":{}}],"line":527},"35":{"loc":{"start":{"line":532,"column":4},"end":{"line":535,"column":5}},"type":"if","locations":[{"start":{"line":532,"column":4},"end":{"line":535,"column":5}},{"start":{},"end":{}}],"line":532},"36":{"loc":{"start":{"line":539,"column":6},"end":{"line":542,"column":7}},"type":"if","locations":[{"start":{"line":539,"column":6},"end":{"line":542,"column":7}},{"start":{},"end":{}}],"line":539},"37":{"loc":{"start":{"line":555,"column":49},"end":{"line":555,"column":79}},"type":"cond-expr","locations":[{"start":{"line":555,"column":58},"end":{"line":555,"column":67}},{"start":{"line":555,"column":70},"end":{"line":555,"column":79}}],"line":555},"38":{"loc":{"start":{"line":567,"column":4},"end":{"line":570,"column":5}},"type":"if","locations":[{"start":{"line":567,"column":4},"end":{"line":570,"column":5}},{"start":{},"end":{}}],"line":567},"39":{"loc":{"start":{"line":578,"column":14},"end":{"line":578,"column":54}},"type":"binary-expr","locations":[{"start":{"line":578,"column":14},"end":{"line":578,"column":27}},{"start":{"line":578,"column":31},"end":{"line":578,"column":45}},{"start":{"line":578,"column":49},"end":{"line":578,"column":54}}],"line":578},"40":{"loc":{"start":{"line":590,"column":4},"end":{"line":593,"column":5}},"type":"if","locations":[{"start":{"line":590,"column":4},"end":{"line":593,"column":5}},{"start":{},"end":{}}],"line":590},"41":{"loc":{"start":{"line":599,"column":16},"end":{"line":599,"column":56}},"type":"binary-expr","locations":[{"start":{"line":599,"column":16},"end":{"line":599,"column":29}},{"start":{"line":599,"column":33},"end":{"line":599,"column":47}},{"start":{"line":599,"column":51},"end":{"line":599,"column":56}}],"line":599},"42":{"loc":{"start":{"line":606,"column":22},"end":{"line":606,"column":61}},"type":"binary-expr","locations":[{"start":{"line":606,"column":22},"end":{"line":606,"column":52}},{"start":{"line":606,"column":56},"end":{"line":606,"column":61}}],"line":606},"43":{"loc":{"start":{"line":614,"column":4},"end":{"line":617,"column":5}},"type":"if","locations":[{"start":{"line":614,"column":4},"end":{"line":617,"column":5}},{"start":{},"end":{}}],"line":614},"44":{"loc":{"start":{"line":614,"column":8},"end":{"line":614,"column":58}},"type":"binary-expr","locations":[{"start":{"line":614,"column":8},"end":{"line":614,"column":24}},{"start":{"line":614,"column":28},"end":{"line":614,"column":58}}],"line":614},"45":{"loc":{"start":{"line":621,"column":6},"end":{"line":624,"column":7}},"type":"if","locations":[{"start":{"line":621,"column":6},"end":{"line":624,"column":7}},{"start":{},"end":{}}],"line":621},"46":{"loc":{"start":{"line":630,"column":18},"end":{"line":630,"column":58}},"type":"binary-expr","locations":[{"start":{"line":630,"column":18},"end":{"line":630,"column":31}},{"start":{"line":630,"column":35},"end":{"line":630,"column":49}},{"start":{"line":630,"column":53},"end":{"line":630,"column":58}}],"line":630}},"s":{"0":0,"1":0,"2":0,"3":0,"4":0,"5":0,"6":0,"7":0,"8":0,"9":0,"10":0,"11":0,"12":0,"13":0,"14":0,"15":0,"16":0,"17":0,"18":0,"19":0,"20":0,"21":0,"22":0,"23":0,"24":0,"25":0,"26":0,"27":0,"28":0,"29":0,"30":0,"31":0,"32":0,"33":0,"34":0,"35":0,"36":0,"37":0,"38":0,"39":0,"40":0,"41":0,"42":0,"43":0,"44":0,"45":0,"46":0,"47":0,"48":0,"49":0,"50":0,"51":0,"52":0,"53":0,"54":0,"55":0,"56":0,"57":0,"58":0,"59":0,"60":0,"61":0,"62":0,"63":0,"64":0,"65":0,"66":0,"67":0,"68":0,"69":0,"70":0,"71":0,"72":0,"73":0,"74":0,"75":0,"76":0,"77":0,"78":0,"79":0,"80":0,"81":0,"82":0,"83":0,"84":0,"85":0,"86":0,"87":0,"88":0,"89":0,"90":0,"91":0,"92":0,"93":0,"94":0,"95":0,"96":0,"97":0,"98":0,"99":0,"100":0,"101":0,"102":0,"103":0,"104":0,"105":0,"106":0,"107":0,"108":0,"109":0,"110":0,"111":0,"112":0,"113":0,"114":0,"115":0,"116":0,"117":0,"118":0,"119":0,"120":0,"121":0,"122":0,"123":0,"124":0,"125":0,"126":0,"127":0,"128":0,"129":0,"130":0,"131":0,"132":0,"133":0,"134":0,"135":0,"136":0,"137":0,"138":0,"139":0,"140":0,"141":0,"142":0,"143":0,"144":0,"145":0,"146":0,"147":0,"148":0,"149":0,"150":0,"151":0,"152":0,"153":0,"154":0,"155":0,"156":0,"157":0,"158":0,"159":0,"160":0,"161":0,"162":0,"163":0,"164":0,"165":0,"166":0,"167":0,"168":0,"169":0,"170":0,"171":0,"172":0,"173":0,"174":0,"175":0,"176":0,"177":0,"178":0,"179":0,"180":0,"181":0,"182":0,"183":0,"184":0,"185":0,"186":0,"187":0,"188":0,"189":0,"190":0},"f":{"0":0,"1":0,"2":0,"3":0,"4":0,"5":0,"6":0,"7":0,"8":0,"9":0,"10":0,"11":0,"12":0,"13":0,"14":0,"15":0,"16":0,"17":0,"18":0,"19":0,"20":0,"21":0},"b":{"0":[0,0],"1":[0,0],"2":[0,0],"3":[0,0],"4":[0,0],"5":[0,0],"6":[0,0],"7":[0,0],"8":[0,0],"9":[0,0],"10":[0,0,0],"11":[0,0],"12":[0,0],"13":[0,0],"14":[0,0],"15":[0,0],"16":[0,0],"17":[0,0],"18":[0,0],"19":[0,0],"20":[0,0],"21":[0,0],"22":[0,0],"23":[0,0],"24":[0,0,0,0,0,0,0,0],"25":[0,0],"26":[0,0],"27":[0,0],"28":[0,0],"29":[0,0],"30":[0,0],"31":[0,0],"32":[0,0],"33":[0,0],"34":[0,0],"35":[0,0],"36":[0,0],"37":[0,0],"38":[0,0],"39":[0,0,0],"40":[0,0],"41":[0,0,0],"42":[0,0],"43":[0,0],"44":[0,0],"45":[0,0],"46":[0,0,0]}}
}
